Log file open, 05/17/17 02:11:19
LogInit:Display: Running engine for game: BoM_1Nehpi
LogPlatformFile: Not using cached read wrapper
LogInit:Display: RandInit(-277603202) SRandInit(-277603202).
LogTaskGraph: Started task graph with 5 named threads and 8 total threads with 1 sets of task threads.
LogStats: Stats thread started at 0.083406
LogInit: Using libcurl 7.47.1
LogInit:  - built for x86_64-pc-win32
LogInit:  - supports SSL with OpenSSL/1.0.2g
LogInit:  - supports HTTP deflate (compression) using libz 1.2.8
LogInit:  - other features:
LogInit:      CURL_VERSION_SSL
LogInit:      CURL_VERSION_LIBZ
LogInit:      CURL_VERSION_IPV6
LogInit:      CURL_VERSION_ASYNCHDNS
LogInit:      CURL_VERSION_LARGEFILE
LogInit:      CURL_VERSION_IDN
LogInit:  CurlRequestOptions (configurable via config and command line):
LogInit:  - bVerifyPeer = false  - Libcurl will NOT verify peer certificate
LogInit:  - bUseHttpProxy = false  - Libcurl will NOT use HTTP proxy
LogInit:  - bDontReuseConnections = false  - Libcurl will reuse connections
LogInit:  - CertBundlePath = nullptr  - Libcurl will use whatever was configured at build time.
LogInit: Build: ++UE4+Release-4.15-CL-3348071
LogInit: Engine Version: 4.15.1-3348071+++UE4+Release-4.15
LogInit: Compatible Engine Version: 4.15.0-3299760+++UE4+Release-4.15
LogInit: Net CL: 3299760
LogDevObjectVersion: Number of dev versions registered: 14
LogDevObjectVersion:   Dev-Blueprints (B0D832E4-1F89-4F0D-ACCF-7EB736FD4AA2): 8
LogDevObjectVersion:   Dev-Build (E1C64328-A22C-4D53-A36C-8E866417BD8C): 0
LogDevObjectVersion:   Dev-Core (375EC13C-06E4-48FB-B500-84F0262A717E): 2
LogDevObjectVersion:   Dev-Editor (E4B068ED-F494-42E9-A231-DA0B2E46BB41): 14
LogDevObjectVersion:   Dev-Framework (CFFC743F-43B0-4480-9391-14DF171D2073): 22
LogDevObjectVersion:   Dev-Mobile (B02B49B5-BB20-44E9-A304-32B752E40360): 0
LogDevObjectVersion:   Dev-Networking (A4E4105C-59A1-49B5-A7C5-40C4547EDFEE): 0
LogDevObjectVersion:   Dev-Online (39C831C9-5AE6-47DC-9A44-9C173E1C8E7C): 0
LogDevObjectVersion:   Dev-Physics (78F01B33-EBEA-4F98-B9B4-84EACCB95AA2): 0
LogDevObjectVersion:   Dev-Platform (6631380F-2D4D-43E0-8009-CF276956A95A): 0
LogDevObjectVersion:   Dev-Rendering (12F88B9F-8875-4AFC-A67C-D90C383ABD29): 12
LogDevObjectVersion:   Dev-Sequencer (7B5AE74C-D270-4C10-A958-57980B212A5A): 3
LogDevObjectVersion:   Dev-VR (D7296918-1DD6-4BDD-9DE2-64A83CC13884): 0
LogDevObjectVersion:   Dev-LoadTimes (C2A15278-BFE7-4AFE-6C17-90FF531DF755): 1
LogInit: Compiled (64-bit): Mar 15 2017 16:52:47
LogInit: Compiled with Visual C++: 19.00.23026.00
LogInit: Build Configuration: Development
LogInit: Branch Name: ++UE4+Release-4.15
LogInit: Command line:  
LogInit: Base directory: D:/new_steam/epic_games/UE_4.15/Engine/Binaries/Win64/
LogInit: Installed Engine Build: 1
LogInit: Presizing for max 8388607 objects, including 0 objects not considered by GC, pre-allocating 0 bytes for permanent pool.
LogInit: Object subsystem initialized
[2017.05.17-01.11.20:530][  0]LogInit: Selected Device Profile: [Windows]
[2017.05.17-01.11.20:530][  0]LogInit: Applying CVar settings loaded from the selected device profile: [Windows]
[2017.05.17-01.11.20:541][  0]LogInit: Computer: DESKTOP-1TUIMKT
[2017.05.17-01.11.20:541][  0]LogInit: User: mysterypc
[2017.05.17-01.11.20:541][  0]LogInit: CPU Page size=65536, Cores=4
[2017.05.17-01.11.20:541][  0]LogInit: High frequency timer resolution =3.117786 MHz
[2017.05.17-01.11.20:541][  0]LogMemory: Memory total: Physical=11.9GB (12GB approx)
[2017.05.17-01.11.20:541][  0]LogMemory: Platform Memory Stats for Windows
[2017.05.17-01.11.20:541][  0]LogMemory: Process Physical Memory: 262.58 MB used, 262.58 MB peak
[2017.05.17-01.11.20:541][  0]LogMemory: Process Virtual Memory: 262.05 MB used, 262.05 MB peak
[2017.05.17-01.11.20:541][  0]LogMemory: Physical Memory: 5751.10 MB used,  6442.82 MB free, 12193.92 MB total
[2017.05.17-01.11.20:541][  0]LogMemory: Virtual Memory: 643.95 MB used,  6442.82 MB free, 134217728.00 MB total
[2017.05.17-01.11.20:627][  0]LogTextLocalizationManager: No translations for ('pt-PT') exist, falling back to 'en' for localization and internationalization data.
[2017.05.17-01.11.21:377][  0]LogD3D11RHI: D3D11 adapters:
[2017.05.17-01.11.22:094][  0]LogD3D11RHI:    0. 'NVIDIA GeForce GTX 660' (Feature Level 11_0)
[2017.05.17-01.11.22:094][  0]LogD3D11RHI:       2016/0/6096 MB DedicatedVideo/DedicatedSystem/SharedSystem, Outputs:1, VendorId:0x10de
[2017.05.17-01.11.22:095][  0]LogD3D11RHI:    1. 'Microsoft Basic Render Driver' (Feature Level 11_0)
[2017.05.17-01.11.22:095][  0]LogD3D11RHI:       0/0/6096 MB DedicatedVideo/DedicatedSystem/SharedSystem, Outputs:0, VendorId:0x1414
[2017.05.17-01.11.22:095][  0]LogD3D11RHI: Chosen D3D11 Adapter: 0
[2017.05.17-01.11.22:101][  0]LogD3D11RHI: Creating new Direct3DDevice
[2017.05.17-01.11.22:101][  0]LogD3D11RHI:     GPU DeviceId: 0x11c0 (for the marketing name, search the web for "GPU Device Id")
[2017.05.17-01.11.22:101][  0]LogWindows: EnumDisplayDevices:
[2017.05.17-01.11.22:102][  0]LogWindows:    0. 'NVIDIA GeForce GTX 660' (P:1 D:1)
[2017.05.17-01.11.22:102][  0]LogWindows:    1. 'NVIDIA GeForce GTX 660' (P:0 D:0)
[2017.05.17-01.11.22:102][  0]LogWindows:    2. 'NVIDIA GeForce GTX 660' (P:0 D:0)
[2017.05.17-01.11.22:102][  0]LogWindows:    3. 'NVIDIA GeForce GTX 660' (P:0 D:0)
[2017.05.17-01.11.22:102][  0]LogWindows: DebugString: FoundDriverCount:4 
[2017.05.17-01.11.22:102][  0]LogD3D11RHI:     Adapter Name: NVIDIA GeForce GTX 660
[2017.05.17-01.11.22:102][  0]LogD3D11RHI:   Driver Version: 382.05 (internal:22.21.13.8205, unified:382.05)
[2017.05.17-01.11.22:102][  0]LogD3D11RHI:      Driver Date: 5-1-2017
[2017.05.17-01.11.22:102][  0]LogRHI: Texture pool is 1361 MB (70% of 1945 MB)
[2017.05.17-01.11.22:960][  0]LogD3D11RHI:Warning: Timestamp queries are currently disabled on this hardware due to instability. Realtime GPU stats will not be available. You can override this behaviour by setting r.NVIDIATimestampWorkaround to 0
[2017.05.17-01.11.22:961][  0]LogD3D11RHI: Async texture creation enabled
[2017.05.17-01.11.23:036][  0]LogD3D11RHI: GPU Timing Frequency: 1000.000000 (Debug: 2 1)
[2017.05.17-01.11.23:037][  0]LogShaderCompilers: Guid format shader working directory is -6 characters bigger than the processId version (C:/Users/mystery_pc/Documents/Unreal Projects/BoM_1Nehpi/Intermediate/Shaders/WorkingDirectory/10988/).
[2017.05.17-01.11.23:037][  0]LogShaderCompilers: Cleaned the shader compiler working directory 'C:/Users/mystery_pc/AppData/Local/Temp/UnrealShaderWorkingDir/3ACDF5FC4178EDE62D665DA4C4D72ED7/'.
[2017.05.17-01.11.23:037][  0]LogShaderCompilers:Display: Using Local Shader Compiler.
[2017.05.17-01.11.24:239][  0]LogTemp:Display: Loaded TP AllDesktopTargetPlatform
[2017.05.17-01.11.24:302][  0]LogTemp:Display: Loaded TP MacClientTargetPlatform
[2017.05.17-01.11.24:357][  0]LogTemp:Display: Loaded TP MacNoEditorTargetPlatform
[2017.05.17-01.11.24:417][  0]LogTemp:Display: Loaded TP MacServerTargetPlatform
[2017.05.17-01.11.24:469][  0]LogTemp:Display: Loaded TP MacTargetPlatform
[2017.05.17-01.11.24:521][  0]LogTemp:Display: Loaded TP WindowsClientTargetPlatform
[2017.05.17-01.11.24:570][  0]LogTemp:Display: Loaded TP WindowsNoEditorTargetPlatform
[2017.05.17-01.11.24:623][  0]LogTemp:Display: Loaded TP WindowsServerTargetPlatform
[2017.05.17-01.11.24:666][  0]LogTemp:Display: Loaded TP WindowsTargetPlatform
[2017.05.17-01.11.24:713][  0]LogTemp:Display: Loaded TP AndroidTargetPlatform
[2017.05.17-01.11.24:759][  0]LogTemp:Display: Loaded TP Android_ASTCTargetPlatform
[2017.05.17-01.11.24:824][  0]LogTemp:Display: Loaded TP Android_ATCTargetPlatform
[2017.05.17-01.11.24:870][  0]LogTemp:Display: Loaded TP Android_DXTTargetPlatform
[2017.05.17-01.11.24:920][  0]LogTemp:Display: Loaded TP Android_ETC1TargetPlatform
[2017.05.17-01.11.24:969][  0]LogTemp:Display: Loaded TP Android_ETC2TargetPlatform
[2017.05.17-01.11.25:067][  0]LogTemp:Display: Loaded TP Android_MultiTargetPlatform
[2017.05.17-01.11.25:067][  0]LogTemp:Display: Loaded TP Android_PVRTCTargetPlatform
[2017.05.17-01.11.25:095][  0]LogTemp:Display: Loaded TP HTML5TargetPlatform
[2017.05.17-01.11.25:194][  0]LogTemp:Display: Loaded TP IOSTargetPlatform
[2017.05.17-01.11.25:236][  0]LogTemp:Display: Loaded TP TVOSTargetPlatform
[2017.05.17-01.11.25:289][  0]LogTemp:Display: Loaded TP LinuxClientTargetPlatform
[2017.05.17-01.11.25:344][  0]LogTemp:Display: Loaded TP LinuxNoEditorTargetPlatform
[2017.05.17-01.11.25:413][  0]LogTemp:Display: Loaded TP LinuxServerTargetPlatform
[2017.05.17-01.11.25:471][  0]LogTemp:Display: Loaded TP LinuxTargetPlatform
[2017.05.17-01.11.25:471][  0]LogTargetPlatformManager:Display: Building Assets For Windows
[2017.05.17-01.11.25:907][  0]LogDerivedDataCache:Display: Max Cache Size: 512 MB
[2017.05.17-01.11.25:969][  0]LogDerivedDataCache: Loaded boot cache 0.06s 50MB C:/Users/mystery_pc/AppData/Local/UnrealEngine/4.15/DerivedDataCache/Boot.ddc.
[2017.05.17-01.11.25:969][  0]LogDerivedDataCache:Display: Loaded Boot cache: C:/Users/mystery_pc/AppData/Local/UnrealEngine/4.15/DerivedDataCache/Boot.ddc
[2017.05.17-01.11.25:970][  0]LogDerivedDataCache: FDerivedDataBackendGraph:  Pak pak cache file C:/Users/mystery_pc/Documents/Unreal Projects/BoM_1Nehpi/DerivedDataCache/DDC.ddp not found, will not use a pak cache.
[2017.05.17-01.11.25:970][  0]LogDerivedDataCache: Unable to find inner node Pak for hierarchical cache Hierarchy.
[2017.05.17-01.11.25:970][  0]LogDerivedDataCache: FDerivedDataBackendGraph:  CompressedPak pak cache file C:/Users/mystery_pc/Documents/Unreal Projects/BoM_1Nehpi/DerivedDataCache/Compressed.ddp not found, will not use a pak cache.
[2017.05.17-01.11.25:970][  0]LogDerivedDataCache: Unable to find inner node CompressedPak for hierarchical cache Hierarchy.
[2017.05.17-01.11.25:988][  0]LogDerivedDataCache:Display: Pak cache opened for reading ../../../Engine/DerivedDataCache/Compressed.ddp.
[2017.05.17-01.11.26:000][  0]LogDerivedDataCache: Using Local data cache path C:/Users/mystery_pc/AppData/Local/UnrealEngine/Common/DerivedDataCache: Writable
[2017.05.17-01.11.26:009][  0]LogSlate: Using Freetype 2.6.0
[2017.05.17-01.11.26:009][  0]LogSlate: SlateFontCache - WITH_FREETYPE: 1, WITH_HARFBUZZ: 1
[2017.05.17-01.11.26:009][  0]LogSlate: SlateFontCache - WITH_FREETYPE: 1, WITH_HARFBUZZ: 1
[2017.05.17-01.11.26:291][  0]LogInit: Selected Device Profile: [Windows]
[2017.05.17-01.11.26:294][  0]LogContentStreaming: Texture pool size is 0.00 MB
[2017.05.17-01.11.26:524][  0]LogMeshUtilities: Using QuadricMeshReduction for automatic static mesh reduction
[2017.05.17-01.11.26:564][  0]LogSimplygon: Simplygon DLL not present - disabling.
[2017.05.17-01.11.26:604][  0]LogMeshUtilities: Using SimplygonSwarm for distributed automatic mesh merging
[2017.05.17-01.11.26:604][  0]LogMeshUtilities: No automatic skeletal mesh reduction module available
[2017.05.17-01.11.26:604][  0]LogMeshUtilities: No automatic mesh merging module available
[2017.05.17-01.11.27:237][  0]LogNetVersion: GetLocalNetworkVersion: CL: 3299760, ProjectName: bom_1nehpi, ProjectVersion: , EngineNetworkVersion: 2, GameNetworkVersion: 0, NetworkChecksum: 3875588748
[2017.05.17-01.11.27:280][  0]LogAssetRegistry: FAssetRegistry took 0.0225 seconds to start up
[2017.05.17-01.11.27:314][  0]LogPackageLocalizationCache: Processed 3 localized package path(s) for 1 prioritized culture(s) in 0.015623 seconds
[2017.05.17-01.11.27:321][  0]LogUObjectArray: 32493 objects as part of root set at end of initial load.
[2017.05.17-01.11.27:321][  0]LogUObjectAllocator: 7077024 out of 0 bytes used by permanent object pool.
[2017.05.17-01.11.27:321][  0]LogUObjectArray: CloseDisregardForGC: 0/0 objects in disregard for GC pool
[2017.05.17-01.11.27:389][  0]LogInit: WinSock: version 1.1 (2.2), MaxSocks=32767, MaxUdp=65467
[2017.05.17-01.11.28:899][  0]LogTcpMessaging: Initializing TcpMessaging bridge
[2017.05.17-01.11.28:936][  0]LogUdpMessaging: Initializing bridge on interface 0.0.0.0:0 to multicast group 230.0.0.1:6666.
[2017.05.17-01.11.29:336][  0]LogMaterial: Uniform references updated for custom material expression Custom.
[2017.05.17-01.11.29:673][  0]SourceControl: Info Source control is disabled
[2017.05.17-01.11.31:241][  0]LogEngine: Initializing Engine...
[2017.05.17-01.11.31:241][  0]LogHMD: Failed to initialize OpenVR with code 110
[2017.05.17-01.11.31:457][  0]LogAIModule: Creating AISystem for world Untitled
[2017.05.17-01.11.31:465][  0]LogInit: XAudio2 using 'Auscultadores (Dispositivo de Áudio de Alta Definição)' : 2 channels at 48 kHz using 16 bits per sample (channel mask 0x3)
[2017.05.17-01.11.31:476][  0]LogInit: FAudioDevice initialized.
[2017.05.17-01.11.31:508][  0]LogDerivedDataCache: Saved boot cache 0.03s 50MB C:/Users/mystery_pc/AppData/Local/UnrealEngine/4.15/DerivedDataCache/Boot.ddc.
[2017.05.17-01.11.31:515][  0]LogInit: Texture streaming: Enabled
[2017.05.17-01.11.31:599][  0]LogEngineSessionManager: EngineSessionManager initialized
[2017.05.17-01.11.31:670][  0]LogInit: Transaction tracking system initialized
[2017.05.17-01.11.31:943][  0]BlueprintLog: New page: Editor Load
[2017.05.17-01.11.32:658][  0]LocalizationService: Info Localization service is disabled
[2017.05.17-01.11.33:202][  0]LogConsoleResponse:Display: 
[2017.05.17-01.11.33:329][  0]LogCook:Display: Max memory allowance for cook 16384mb min free memory 0mb
[2017.05.17-01.11.33:329][  0]LogCook:Display: Mobile HDR setting 1
[2017.05.17-01.11.33:807][  0]LogFileCache: Scanning file cache for directory 'C:/Users/mystery_pc/Documents/Unreal Projects/BoM_1Nehpi/Content/' took 0.01s
[2017.05.17-01.11.34:291][  0]Cmd: MAP LOAD FILE="C:/Users/mystery_pc/Documents/Unreal Projects/BoM_1Nehpi/Content/ThirdPersonBP/Maps/ThirdPersonExampleMap.umap" TEMPLATE=0 SHOWPROGRESS=1 FEATURELEVEL=3
[2017.05.17-01.11.34:292][  0]LightingResults: New page: Lighting Build
[2017.05.17-01.11.34:325][  0]MapCheck: New page: Map Check
[2017.05.17-01.11.34:325][  0]LightingResults: New page: Lighting Build
[2017.05.17-01.11.34:726][  0]LogAIModule: Creating AISystem for world ThirdPersonExampleMap
[2017.05.17-01.11.34:754][  0]LogEditorServer: Finished looking for orphan Actors (0.000 secs)
[2017.05.17-01.11.34:755][  0]Cmd: MAP CHECKDEP NOCLEARLOG
[2017.05.17-01.11.34:788][  0]MapCheck: Info Map check complete: 0 Error(s), 0 Warning(s), took 32.817ms to complete.
[2017.05.17-01.11.34:788][  0]LogFileHelpers: Loading map 'ThirdPersonExampleMap' took 0.497
[2017.05.17-01.11.34:964][  0]LogCollectionManager: Loaded 0 collections in 0.002061 seconds
[2017.05.17-01.11.35:036][  0]LogFileCache: Scanning file cache for directory 'C:/Users/mystery_pc/Documents/Unreal Projects/BoM_1Nehpi/Saved/Collections/' took 0.01s
[2017.05.17-01.11.35:036][  0]LogFileCache: Scanning file cache for directory 'C:/Users/mystery_pc/Documents/Unreal Projects/BoM_1Nehpi/Content/Developers/mysterypc/Collections/' took 0.01s
[2017.05.17-01.11.35:036][  0]LogFileCache: Scanning file cache for directory 'C:/Users/mystery_pc/Documents/Unreal Projects/BoM_1Nehpi/Content/Collections/' took 0.01s
[2017.05.17-01.11.35:036][  0]LogCollectionManager: Rebuilt the GUID cache for 0 collections in 0.000001 seconds
[2017.05.17-01.11.35:045][  0]LogContentBrowser: Native class hierarchy populated in 0.0090 seconds. Added 2245 classes and 453 folders.
[2017.05.17-01.11.35:048][  0]LogStats: UGameplayTagsManager::ConstructGameplayTagTree: Construct from data asset -  0.000 s
[2017.05.17-01.11.35:048][  0]LogStats: UGameplayTagsManager::ConstructGameplayTagTree: GameplayTagTreeChangedEvent.Broadcast -  0.000 s
[2017.05.17-01.11.35:094][  0]LogContentBrowser: Native class hierarchy updated for 'WidgetCarousel' in 0.0005 seconds. Added 0 classes and 0 folders.
[2017.05.17-01.11.35:128][  0]LogContentBrowser: Native class hierarchy updated for 'AddContentDialog' in 0.0005 seconds. Added 0 classes and 0 folders.
[2017.05.17-01.11.35:161][  0]LogContentBrowser: Native class hierarchy updated for 'SceneOutliner' in 0.0006 seconds. Added 1 classes and 2 folders.
[2017.05.17-01.11.35:212][  0]LogCrashTracker: Crashtracker disabled due to settings.
[2017.05.17-01.11.35:218][  0]LogUObjectGlobals:Warning: Failed to find object 'Class None.'
[2017.05.17-01.11.35:277][  0]LogContentBrowser: Native class hierarchy updated for 'HierarchicalLODOutliner' in 0.0005 seconds. Added 1 classes and 2 folders.
[2017.05.17-01.11.35:277][  0]LogLoad: (Engine Initialization) Total time: 17.01 seconds
[2017.05.17-01.11.35:277][  0]LogLoad: (Engine Initialization) Total Blueprint compile time: 0.14 seconds
[2017.05.17-01.11.35:278][  0]LogExternalProfiler: No external profilers were discovered.  External profiling features will not be available.
[2017.05.17-01.11.35:288][  0]LogWindowsTextInputMethodSystem:Display: IME system now deactivated.
[2017.05.17-01.11.35:288][  0]LogOcInput: OculusInput pre-init called
[2017.05.17-01.11.35:308][  0]SourceControl: Info On branch master
[2017.05.17-01.11.35:308][  0]SourceControl: Info Your branch is up-to-date with 'origin/master'.
[2017.05.17-01.11.35:308][  0]SourceControl: Info Changes not staged for commit:
[2017.05.17-01.11.35:308][  0]SourceControl: Info   (use "git add <file>..." to update what will be committed)
[2017.05.17-01.11.35:308][  0]SourceControl: Info   (use "git checkout -- <file>..." to discard changes in working directory)
[2017.05.17-01.11.35:308][  0]SourceControl: Info 	modified:   Saved/Config/Windows/Engine.ini
[2017.05.17-01.11.35:308][  0]SourceControl: Info 	modified:   Saved/Logs/BoM_1Nehpi.log
[2017.05.17-01.11.35:308][  0]SourceControl: Info Untracked files:
[2017.05.17-01.11.35:308][  0]SourceControl: Info   (use "git add <file>..." to include in what will be committed)
[2017.05.17-01.11.35:308][  0]SourceControl: Info 	Saved/Logs/BoM_1Nehpi-backup-2017.05.17-02.11.19.log
[2017.05.17-01.11.35:308][  0]SourceControl: Info 	Saved/Logs/UE4CC-Windows-FA42544E486A829A5652118017AD6DF0/
[2017.05.17-01.11.35:308][  0]SourceControl: Info no changes added to commit (use "git add" and/or "git commit -a")
[2017.05.17-01.11.35:308][  0]LogContentStreaming: Texture pool size now 1000 MB
[2017.05.17-01.11.35:309][  0]LogSlate: Took 0.000188 seconds to synchronously load lazily loaded font '../../../Engine/Content/Slate/Fonts/Roboto-Regular.ttf' (155K)
[2017.05.17-01.11.35:313][  0]LogSlate: Took 0.000208 seconds to synchronously load lazily loaded font '../../../Engine/Content/Slate/Fonts/Roboto-Bold.ttf' (160K)
[2017.05.17-01.11.35:317][  0]LogSlate: Took 0.000231 seconds to synchronously load lazily loaded font '../../../Engine/Content/Editor/Slate/Fonts/FontAwesome.ttf' (139K)
[2017.05.17-01.11.35:427][  0]LogSlate: Took 0.000171 seconds to synchronously load lazily loaded font '../../../Engine/Content/Slate/Fonts/Roboto-Light.ttf' (159K)
[2017.05.17-01.11.35:474][  0]LogRenderer: Reallocating scene render targets to support 1184x660 NumSamples 1 (Frame:2).
[2017.05.17-01.11.35:542][  1]LogAssetRegistry: Asset discovery search completed in 8.2849 seconds
[2017.05.17-01.11.35:543][  1]LogCollectionManager: Rebuilt the object cache for 0 collections in 0.000019 seconds (found 0 objects)
[2017.05.17-01.11.35:543][  1]LogCollectionManager: Fixed up redirectors for 0 collections in 0.000033 seconds (updated 0 objects)
[2017.05.17-01.12.13:662][726]SourceControl: Info fatal: D:/new_steam/epic_games/UE_4.15/Engine/Content/: 'D:/new_steam/epic_games/UE_4.15/Engine/Content/' is outside repository
[2017.05.17-01.12.13:767][726]LogPackageName:Error: Illegal call to DoesPackageExist: 'C:/Users/mystery_pc/Documents/Unreal Projects/BoM_1Nehpi/BoM_1Nehpi.uproject' is not a standard unreal filename or a long path name. Reason: Path should be no less than 4 characters long.
[2017.05.17-01.12.51:118][726]LogStats: FPlatformStackWalk::StackWalkAndDump - 37.340 s
[2017.05.17-01.12.51:118][726]LogOutputDevice:Error: === Handled ensure: ===
[2017.05.17-01.12.51:118][726]LogOutputDevice:Error: 
[2017.05.17-01.12.51:118][726]LogOutputDevice:Error: Ensure condition failed: false [File:D:\Build\++UE4+Release-4.15+Compile\Sync\Engine\Source\Runtime\CoreUObject\Private\Misc\PackageName.cpp] [Line: 650]
[2017.05.17-01.12.51:118][726]LogOutputDevice:Error: Illegal call to DoesPackageExist: 'C:/Users/mystery_pc/Documents/Unreal Projects/BoM_1Nehpi/BoM_1Nehpi.uproject' is not a standard unreal filename or a long path name. Reason: Path should be no less than 4 characters long.
[2017.05.17-01.12.51:118][726]LogOutputDevice:Error: Stack: 
[2017.05.17-01.12.51:118][726]LogOutputDevice:Error: UE4Editor-Core.dll!FWindowsPlatformStackWalk::StackWalkAndDump() [d:\build\++ue4+release-4.15+compile\sync\engine\source\runtime\core\private\windows\windowsplatformstackwalk.cpp:200]
[2017.05.17-01.12.51:118][726]LogOutputDevice:Error: UE4Editor-Core.dll!FDebug::EnsureFailed() [d:\build\++ue4+release-4.15+compile\sync\engine\source\runtime\core\private\misc\assertionmacros.cpp:233]
[2017.05.17-01.12.51:118][726]LogOutputDevice:Error: UE4Editor-Core.dll!FDebug::OptionallyLogFormattedEnsureMessageReturningFalse() [d:\build\++ue4+release-4.15+compile\sync\engine\source\runtime\core\private\misc\assertionmacros.cpp:360]
[2017.05.17-01.12.51:118][726]LogOutputDevice:Error: UE4Editor-CoreUObject.dll!FPackageName::DoesPackageExist() [d:\build\++ue4+release-4.15+compile\sync\engine\source\runtime\coreuobject\private\misc\packagename.cpp:650]
[2017.05.17-01.12.51:118][726]LogOutputDevice:Error: UE4Editor-SourceControl.dll!SourceControlHelpers::PackageFilename_Internal() [d:\build\++ue4+release-4.15+compile\sync\engine\source\developer\sourcecontrol\private\sourcecontrolhelpers.cpp:56]
[2017.05.17-01.12.51:118][726]LogOutputDevice:Error: UE4Editor-SourceControl.dll!SourceControlHelpers::PackageFilenames() [d:\build\++ue4+release-4.15+compile\sync\engine\source\developer\sourcecontrol\private\sourcecontrolhelpers.cpp:107]
[2017.05.17-01.12.51:118][726]LogOutputDevice:Error: UE4Editor-SourceControlWindows.dll!FSourceControlWindows::PromptForCheckin() [d:\build\++ue4+release-4.15+compile\sync\engine\source\editor\sourcecontrolwindows\private\ssourcecontrolsubmit.cpp:616]
[2017.05.17-01.12.51:118][726]LogOutputDevice:Error: UE4Editor-SourceControlWindows.dll!FSourceControlWindows::ChoosePackagesToCheckInCompleted() [d:\build\++ue4+release-4.15+compile\sync\engine\source\editor\sourcecontrolwindows\private\ssourcecontrolsubmit.cpp:475]
[2017.05.17-01.12.51:118][726]LogOutputDevice:Error: UE4Editor-SourceControlWindows.dll!FSourceControlWindows::ChoosePackagesToCheckInCallback() [d:\build\++ue4+release-4.15+compile\sync\engine\source\editor\sourcecontrolwindows\private\ssourcecontrolsubmit.cpp:539]
[2017.05.17-01.12.51:118][726]LogOutputDevice:Error: UE4Editor-SourceControlWindows.dll!TBaseStaticDelegateInstance<void __cdecl(TSharedRef<ISourceControlOperation,1> const & __ptr64,enum ECommandResult::Type)>::ExecuteIfSafe() [d:\build\++ue4+release-4.15+compile\sync\engine\source\runtime\core\public\delegates\delegateinstancesimpl.h:1027]
[2017.05.17-01.12.51:118][726]LogOutputDevice:Error: UE4Editor-GitSourceControl.dll!TBaseDelegate<void,TSharedRef<ISourceControlOperation,1> const & __ptr64,enum ECommandResult::Type>::ExecuteIfBound() [d:\build\++ue4+release-4.15+compile\sync\engine\source\runtime\core\public\delegates\delegatesignatureimpl.inl:624]
[2017.05.17-01.12.51:118][726]LogOutputDevice:Error: UE4Editor-GitSourceControl.dll!FGitSourceControlProvider::Tick() [d:\build\++ue4+release-4.15+compile\sync\engine\plugins\developer\gitsourcecontrol\source\gitsourcecontrol\private\gitsourcecontrolprovider.cpp:273]
[2017.05.17-01.12.51:118][726]LogOutputDevice:Error: UE4Editor-SourceControl.dll!FSourceControlModule::Tick() [d:\build\++ue4+release-4.15+compile\sync\engine\source\developer\sourcecontrol\private\sourcecontrolmodule.cpp:242]
[2017.05.17-01.12.51:118][726]LogOutputDevice:Error: UE4Editor-UnrealEd.dll!UEditorEngine::Tick() [d:\build\++ue4+release-4.15+compile\sync\engine\source\editor\unrealed\private\editorengine.cpp:1795]
[2017.05.17-01.12.51:118][726]LogOutputDevice:Error: UE4Editor-UnrealEd.dll!UUnrealEdEngine::Tick() [d:\build\++ue4+release-4.15+compile\sync\engine\source\editor\unrealed\private\unrealedengine.cpp:391]
[2017.05.17-01.12.51:118][726]LogOutputDevice:Error: UE4Editor.exe!FEngineLoop::Tick() [d:\build\++ue4+release-4.15+compile\sync\engine\source\runtime\launch\private\launchengineloop.cpp:3025]
[2017.05.17-01.12.51:118][726]LogOutputDevice:Error: UE4Editor.exe!GuardedMain() [d:\build\++ue4+release-4.15+compile\sync\engine\source\runtime\launch\private\launch.cpp:166]
[2017.05.17-01.12.51:118][726]LogOutputDevice:Error: UE4Editor.exe!GuardedMainWrapper() [d:\build\++ue4+release-4.15+compile\sync\engine\source\runtime\launch\private\windows\launchwindows.cpp:134]
[2017.05.17-01.12.51:118][726]LogOutputDevice:Error: UE4Editor.exe!WinMain() [d:\build\++ue4+release-4.15+compile\sync\engine\source\runtime\launch\private\windows\launchwindows.cpp:210]
[2017.05.17-01.12.51:118][726]LogOutputDevice:Error: UE4Editor.exe!__scrt_common_main_seh() [f:\dd\vctools\crt\vcstartup\src\startup\exe_common.inl:264]
[2017.05.17-01.12.51:118][726]LogOutputDevice:Error: KERNEL32.DLL!0x000000006FDF2774
[2017.05.17-01.12.51:118][726]LogOutputDevice:Error: ntdll.dll!0x0000000070100D61
[2017.05.17-01.12.51:118][726]LogOutputDevice:Error: 
[2017.05.17-01.12.51:119][726]LogStats:                SubmitErrorReport -  0.000 s
