Log file open, 05/17/17 19:38:03
LogInit:Display: Running engine for game: BoM_1Nehpi
LogPlatformFile: Not using cached read wrapper
LogInit:Display: RandInit(1317153384) SRandInit(1317153385).
LogTaskGraph: Started task graph with 5 named threads and 6 total threads with 1 sets of task threads.
LogStats: Stats thread started at 0.359287
LogInit: Using libcurl 7.47.1
LogInit:  - built for x86_64-pc-win32
LogInit:  - supports SSL with OpenSSL/1.0.2g
LogInit:  - supports HTTP deflate (compression) using libz 1.2.8
LogInit:  - other features:
LogInit:      CURL_VERSION_SSL
LogInit:      CURL_VERSION_LIBZ
LogInit:      CURL_VERSION_IPV6
LogInit:      CURL_VERSION_ASYNCHDNS
LogInit:      CURL_VERSION_LARGEFILE
LogInit:      CURL_VERSION_IDN
LogInit:  CurlRequestOptions (configurable via config and command line):
LogInit:  - bVerifyPeer = false  - Libcurl will NOT verify peer certificate
LogInit:  - bUseHttpProxy = false  - Libcurl will NOT use HTTP proxy
LogInit:  - bDontReuseConnections = false  - Libcurl will reuse connections
LogInit:  - CertBundlePath = nullptr  - Libcurl will use whatever was configured at build time.
LogInit: Build: ++UE4+Release-4.15-CL-3348071
LogInit: Engine Version: 4.15.1-3348071+++UE4+Release-4.15
LogInit: Compatible Engine Version: 4.15.0-3299760+++UE4+Release-4.15
LogInit: Net CL: 3299760
LogDevObjectVersion: Number of dev versions registered: 14
LogDevObjectVersion:   Dev-Blueprints (B0D832E4-1F89-4F0D-ACCF-7EB736FD4AA2): 8
LogDevObjectVersion:   Dev-Build (E1C64328-A22C-4D53-A36C-8E866417BD8C): 0
LogDevObjectVersion:   Dev-Core (375EC13C-06E4-48FB-B500-84F0262A717E): 2
LogDevObjectVersion:   Dev-Editor (E4B068ED-F494-42E9-A231-DA0B2E46BB41): 14
LogDevObjectVersion:   Dev-Framework (CFFC743F-43B0-4480-9391-14DF171D2073): 22
LogDevObjectVersion:   Dev-Mobile (B02B49B5-BB20-44E9-A304-32B752E40360): 0
LogDevObjectVersion:   Dev-Networking (A4E4105C-59A1-49B5-A7C5-40C4547EDFEE): 0
LogDevObjectVersion:   Dev-Online (39C831C9-5AE6-47DC-9A44-9C173E1C8E7C): 0
LogDevObjectVersion:   Dev-Physics (78F01B33-EBEA-4F98-B9B4-84EACCB95AA2): 0
LogDevObjectVersion:   Dev-Platform (6631380F-2D4D-43E0-8009-CF276956A95A): 0
LogDevObjectVersion:   Dev-Rendering (12F88B9F-8875-4AFC-A67C-D90C383ABD29): 12
LogDevObjectVersion:   Dev-Sequencer (7B5AE74C-D270-4C10-A958-57980B212A5A): 3
LogDevObjectVersion:   Dev-VR (D7296918-1DD6-4BDD-9DE2-64A83CC13884): 0
LogDevObjectVersion:   Dev-LoadTimes (C2A15278-BFE7-4AFE-6C17-90FF531DF755): 1
LogInit: Compiled (64-bit): Mar 15 2017 16:52:47
LogInit: Compiled with Visual C++: 19.00.23026.00
LogInit: Build Configuration: Development
LogInit: Branch Name: ++UE4+Release-4.15
LogInit: Command line:  
LogInit: Base directory: C:/Program Files/Epic Games/UE_4.15/Engine/Binaries/Win64/
LogInit: Installed Engine Build: 1
LogInit: Presizing for max 8388607 objects, including 0 objects not considered by GC, pre-allocating 0 bytes for permanent pool.
LogInit: Object subsystem initialized
[2017.05.17-18.38.04:409][  0]LogInit: Selected Device Profile: [Windows]
[2017.05.17-18.38.04:409][  0]LogInit: Applying CVar settings loaded from the selected device profile: [Windows]
[2017.05.17-18.38.04:440][  0]LogInit: Computer: DESKTOP-3GCDT4S
[2017.05.17-18.38.04:440][  0]LogInit: User: FranciscoColaço
[2017.05.17-18.38.04:440][  0]LogInit: CPU Page size=65536, Cores=2
[2017.05.17-18.38.04:440][  0]LogInit: High frequency timer resolution =2.531255 MHz
[2017.05.17-18.38.04:442][  0]LogMemory: Memory total: Physical=7.7GB (8GB approx)
[2017.05.17-18.38.04:442][  0]LogMemory: Platform Memory Stats for Windows
[2017.05.17-18.38.04:442][  0]LogMemory: Process Physical Memory: 263.02 MB used, 263.02 MB peak
[2017.05.17-18.38.04:442][  0]LogMemory: Process Virtual Memory: 262.32 MB used, 262.32 MB peak
[2017.05.17-18.38.04:442][  0]LogMemory: Physical Memory: 6086.29 MB used,  1777.58 MB free, 7863.86 MB total
[2017.05.17-18.38.04:442][  0]LogMemory: Virtual Memory: 643.38 MB used,  1777.58 MB free, 134217728.00 MB total
[2017.05.17-18.38.04:845][  0]LogTextLocalizationManager: No translations for ('pt-PT') exist, falling back to 'en' for localization and internationalization data.
[2017.05.17-18.38.06:976][  0]LogD3D11RHI: D3D11 adapters:
[2017.05.17-18.38.07:024][  0]LogD3D11RHI:    0. 'NVIDIA GeForce 930M' (Feature Level 11_0)
[2017.05.17-18.38.07:024][  0]LogD3D11RHI:       2020/0/3931 MB DedicatedVideo/DedicatedSystem/SharedSystem, Outputs:1, VendorId:0x10de
[2017.05.17-18.38.07:031][  0]LogD3D11RHI:    1. 'Intel(R) HD Graphics 520' (Feature Level 11_0)
[2017.05.17-18.38.07:031][  0]LogD3D11RHI:       128/0/3931 MB DedicatedVideo/DedicatedSystem/SharedSystem, Outputs:0, VendorId:0x8086
[2017.05.17-18.38.07:046][  0]LogD3D11RHI:    2. 'Microsoft Basic Render Driver' (Feature Level 11_0)
[2017.05.17-18.38.07:046][  0]LogD3D11RHI:       0/0/3931 MB DedicatedVideo/DedicatedSystem/SharedSystem, Outputs:0, VendorId:0x1414
[2017.05.17-18.38.07:046][  0]LogD3D11RHI: Chosen D3D11 Adapter: 0
[2017.05.17-18.38.07:052][  0]LogD3D11RHI: Creating new Direct3DDevice
[2017.05.17-18.38.07:052][  0]LogD3D11RHI:     GPU DeviceId: 0x1346 (for the marketing name, search the web for "GPU Device Id")
[2017.05.17-18.38.07:052][  0]LogWindows: EnumDisplayDevices:
[2017.05.17-18.38.07:052][  0]LogWindows:    0. 'Intel(R) HD Graphics 520' (P:1 D:1)
[2017.05.17-18.38.07:052][  0]LogWindows:    1. 'Intel(R) HD Graphics 520' (P:0 D:0)
[2017.05.17-18.38.07:053][  0]LogWindows:    2. 'Intel(R) HD Graphics 520' (P:0 D:0)
[2017.05.17-18.38.07:053][  0]LogWindows: DebugString: PrimaryIsNotTheChoosenAdapter PrimaryIsNotTheChoosenAdapter PrimaryIsNotTheChoosenAdapter FoundDriverCount:0 
[2017.05.17-18.38.07:053][  0]LogD3D11RHI:     Adapter Name: NVIDIA GeForce 930M
[2017.05.17-18.38.07:053][  0]LogD3D11RHI:   Driver Version: Unknown (internal:Unknown, unified:Unknown)
[2017.05.17-18.38.07:053][  0]LogD3D11RHI:      Driver Date: Unknown
[2017.05.17-18.38.07:053][  0]LogRHI: Texture pool is 1361 MB (70% of 1945 MB)
[2017.05.17-18.38.07:079][  0]LogD3D11RHI: Async texture creation enabled
[2017.05.17-18.38.07:125][  0]LogD3D11RHI: GPU Timing Frequency: 1000.000000 (Debug: 2 2)
[2017.05.17-18.38.07:141][  0]LogShaderCompilers: Guid format shader working directory is -20 characters bigger than the processId version (../../../../../../Users/Francisco Colaço/Documents/Unreal Projects/BoM_1Nehpi/Intermediate/Shaders/WorkingDirectory/2500/).
[2017.05.17-18.38.07:141][  0]LogShaderCompilers: Cleaned the shader compiler working directory 'C:/Users/Francisco Colaço/AppData/Local/Temp/UnrealShaderWorkingDir/B640131E4E6B861921B1A2B2A13D5989/'.
[2017.05.17-18.38.07:142][  0]LogShaderCompilers:Display: Using Local Shader Compiler.
[2017.05.17-18.38.10:108][  0]LogTemp:Display: Loaded TP AllDesktopTargetPlatform
[2017.05.17-18.38.10:171][  0]LogTemp:Display: Loaded TP MacClientTargetPlatform
[2017.05.17-18.38.10:235][  0]LogTemp:Display: Loaded TP MacNoEditorTargetPlatform
[2017.05.17-18.38.10:299][  0]LogTemp:Display: Loaded TP MacServerTargetPlatform
[2017.05.17-18.38.10:366][  0]LogTemp:Display: Loaded TP MacTargetPlatform
[2017.05.17-18.38.10:435][  0]LogTemp:Display: Loaded TP WindowsClientTargetPlatform
[2017.05.17-18.38.10:497][  0]LogTemp:Display: Loaded TP WindowsNoEditorTargetPlatform
[2017.05.17-18.38.10:560][  0]LogTemp:Display: Loaded TP WindowsServerTargetPlatform
[2017.05.17-18.38.10:612][  0]LogTemp:Display: Loaded TP WindowsTargetPlatform
[2017.05.17-18.38.10:678][  0]LogTemp:Display: Loaded TP AndroidTargetPlatform
[2017.05.17-18.38.10:739][  0]LogTemp:Display: Loaded TP Android_ASTCTargetPlatform
[2017.05.17-18.38.10:799][  0]LogTemp:Display: Loaded TP Android_ATCTargetPlatform
[2017.05.17-18.38.10:861][  0]LogTemp:Display: Loaded TP Android_DXTTargetPlatform
[2017.05.17-18.38.10:923][  0]LogTemp:Display: Loaded TP Android_ETC1TargetPlatform
[2017.05.17-18.38.10:984][  0]LogTemp:Display: Loaded TP Android_ETC2TargetPlatform
[2017.05.17-18.38.11:108][  0]LogTemp:Display: Loaded TP Android_MultiTargetPlatform
[2017.05.17-18.38.11:108][  0]LogTemp:Display: Loaded TP Android_PVRTCTargetPlatform
[2017.05.17-18.38.11:152][  0]LogTemp:Display: Loaded TP HTML5TargetPlatform
[2017.05.17-18.38.11:292][  0]LogTemp:Display: Loaded TP IOSTargetPlatform
[2017.05.17-18.38.11:334][  0]LogTemp:Display: Loaded TP TVOSTargetPlatform
[2017.05.17-18.38.11:395][  0]LogTemp:Display: Loaded TP LinuxClientTargetPlatform
[2017.05.17-18.38.11:463][  0]LogTemp:Display: Loaded TP LinuxNoEditorTargetPlatform
[2017.05.17-18.38.11:528][  0]LogTemp:Display: Loaded TP LinuxServerTargetPlatform
[2017.05.17-18.38.11:597][  0]LogTemp:Display: Loaded TP LinuxTargetPlatform
[2017.05.17-18.38.11:597][  0]LogTargetPlatformManager:Display: Building Assets For Windows
[2017.05.17-18.38.12:455][  0]LogDerivedDataCache:Display: Max Cache Size: 512 MB
[2017.05.17-18.38.12:698][  0]LogDerivedDataCache: Loaded boot cache 0.24s 50MB C:/Users/Francisco Colaço/AppData/Local/UnrealEngine/4.15/DerivedDataCache/Boot.ddc.
[2017.05.17-18.38.12:698][  0]LogDerivedDataCache:Display: Loaded Boot cache: C:/Users/Francisco Colaço/AppData/Local/UnrealEngine/4.15/DerivedDataCache/Boot.ddc
[2017.05.17-18.38.12:698][  0]LogDerivedDataCache: FDerivedDataBackendGraph:  Pak pak cache file ../../../../../../Users/Francisco Colaço/Documents/Unreal Projects/BoM_1Nehpi/DerivedDataCache/DDC.ddp not found, will not use a pak cache.
[2017.05.17-18.38.12:698][  0]LogDerivedDataCache: Unable to find inner node Pak for hierarchical cache Hierarchy.
[2017.05.17-18.38.12:698][  0]LogDerivedDataCache: FDerivedDataBackendGraph:  CompressedPak pak cache file ../../../../../../Users/Francisco Colaço/Documents/Unreal Projects/BoM_1Nehpi/DerivedDataCache/Compressed.ddp not found, will not use a pak cache.
[2017.05.17-18.38.12:699][  0]LogDerivedDataCache: Unable to find inner node CompressedPak for hierarchical cache Hierarchy.
[2017.05.17-18.38.12:732][  0]LogDerivedDataCache:Display: Pak cache opened for reading ../../../Engine/DerivedDataCache/Compressed.ddp.
[2017.05.17-18.38.12:746][  0]LogDerivedDataCache: Using Local data cache path C:/Users/Francisco Colaço/AppData/Local/UnrealEngine/Common/DerivedDataCache: Writable
[2017.05.17-18.38.12:797][  0]LogSlate: Using Freetype 2.6.0
[2017.05.17-18.38.12:807][  0]LogSlate: SlateFontCache - WITH_FREETYPE: 1, WITH_HARFBUZZ: 1
[2017.05.17-18.38.12:807][  0]LogSlate: SlateFontCache - WITH_FREETYPE: 1, WITH_HARFBUZZ: 1
[2017.05.17-18.38.17:257][  0]LogInit: Selected Device Profile: [Windows]
[2017.05.17-18.38.17:281][  0]LogContentStreaming: Texture pool size is 0.00 MB
[2017.05.17-18.38.17:627][  0]LogMeshUtilities: Using QuadricMeshReduction for automatic static mesh reduction
[2017.05.17-18.38.17:682][  0]LogSimplygon: Simplygon DLL not present - disabling.
[2017.05.17-18.38.17:738][  0]LogMeshUtilities: Using SimplygonSwarm for distributed automatic mesh merging
[2017.05.17-18.38.17:738][  0]LogMeshUtilities: No automatic skeletal mesh reduction module available
[2017.05.17-18.38.17:738][  0]LogMeshUtilities: No automatic mesh merging module available
[2017.05.17-18.38.19:133][  0]LogNetVersion: GetLocalNetworkVersion: CL: 3299760, ProjectName: bom_1nehpi, ProjectVersion: , EngineNetworkVersion: 2, GameNetworkVersion: 0, NetworkChecksum: 3875588748
[2017.05.17-18.38.19:196][  0]LogAssetRegistry: FAssetRegistry took 0.0220 seconds to start up
[2017.05.17-18.38.19:252][  0]LogPackageLocalizationCache: Processed 3 localized package path(s) for 1 prioritized culture(s) in 0.026481 seconds
[2017.05.17-18.38.19:259][  0]LogUObjectArray: 32493 objects as part of root set at end of initial load.
[2017.05.17-18.38.19:259][  0]LogUObjectAllocator: 7077032 out of 0 bytes used by permanent object pool.
[2017.05.17-18.38.19:259][  0]LogUObjectArray: CloseDisregardForGC: 0/0 objects in disregard for GC pool
[2017.05.17-18.38.19:346][  0]LogInit: WinSock: version 1.1 (2.2), MaxSocks=32767, MaxUdp=65467
[2017.05.17-18.38.26:740][  0]LogTcpMessaging: Initializing TcpMessaging bridge
[2017.05.17-18.38.26:785][  0]LogUdpMessaging: Initializing bridge on interface 0.0.0.0:0 to multicast group 230.0.0.1:6666.
[2017.05.17-18.38.27:536][  0]LogMaterial: Uniform references updated for custom material expression Custom.
[2017.05.17-18.38.28:096][  0]SourceControl: Info Source control is disabled
[2017.05.17-18.38.28:288][  0]SourceControl: Info Source control is disabled
[2017.05.17-18.38.28:354][  0]SourceControl: Info Source control is disabled
[2017.05.17-18.38.28:411][  0]SourceControl: Info Source control is disabled
[2017.05.17-18.38.30:259][  0]LogEngine: Initializing Engine...
[2017.05.17-18.38.30:261][  0]LogHMD: Failed to initialize OpenVR with code 110
[2017.05.17-18.38.30:660][  0]LogAIModule: Creating AISystem for world Untitled
[2017.05.17-18.38.30:711][  0]LogInit: XAudio2 using 'Headphones (Realtek High Definition Audio)' : 2 channels at 48 kHz using 32 bits per sample (channel mask 0x3)
[2017.05.17-18.38.30:734][  0]LogInit: FAudioDevice initialized.
[2017.05.17-18.38.30:766][  0]LogDerivedDataCache: Saved boot cache 0.03s 50MB C:/Users/Francisco Colaço/AppData/Local/UnrealEngine/4.15/DerivedDataCache/Boot.ddc.
[2017.05.17-18.38.30:771][  0]LogInit: Texture streaming: Enabled
[2017.05.17-18.38.30:893][  0]LogEngineSessionManager: EngineSessionManager initialized
[2017.05.17-18.38.31:007][  0]LogInit: Transaction tracking system initialized
[2017.05.17-18.38.31:436][  0]BlueprintLog: New page: Editor Load
[2017.05.17-18.38.32:664][  0]LocalizationService: Info Localization service is disabled
[2017.05.17-18.38.33:483][  0]LogConsoleResponse:Display: 
[2017.05.17-18.38.33:833][  0]LogCook:Display: Max memory allowance for cook 16384mb min free memory 0mb
[2017.05.17-18.38.33:833][  0]LogCook:Display: Mobile HDR setting 1
[2017.05.17-18.38.34:576][  0]LogFileCache: Scanning file cache for directory 'C:/Users/Francisco Colaço/Documents/Unreal Projects/BoM_1Nehpi/Content/' took 0.02s
[2017.05.17-18.38.35:241][  0]SourceControl: Info Source control is disabled
[2017.05.17-18.38.35:244][  0]Cmd: MAP LOAD FILE="../../../../../../Users/Francisco Colaço/Documents/Unreal Projects/BoM_1Nehpi/Content/ThirdPersonBP/Maps/ThirdPersonExampleMap.umap" TEMPLATE=0 SHOWPROGRESS=1 FEATURELEVEL=3
[2017.05.17-18.38.35:252][  0]LightingResults: New page: Lighting Build
[2017.05.17-18.38.35:319][  0]MapCheck: New page: Map Check
[2017.05.17-18.38.35:319][  0]LightingResults: New page: Lighting Build
[2017.05.17-18.38.36:148][  0]LogAIModule: Creating AISystem for world ThirdPersonExampleMap
[2017.05.17-18.38.36:254][  0]LogEditorServer: Finished looking for orphan Actors (0.000 secs)
[2017.05.17-18.38.36:264][  0]Cmd: MAP CHECKDEP NOCLEARLOG
[2017.05.17-18.38.36:315][  0]MapCheck: Info Map check complete: 0 Error(s), 0 Warning(s), took 50.577ms to complete.
[2017.05.17-18.38.36:315][  0]LogFileHelpers: Loading map 'ThirdPersonExampleMap' took 1.072
[2017.05.17-18.38.36:417][  0]LogWindowsTextInputMethodSystem:Display: IME system now deactivated.
[2017.05.17-18.38.36:682][  0]LogCollectionManager: Loaded 0 collections in 0.001769 seconds
[2017.05.17-18.38.36:795][  0]LogFileCache: Scanning file cache for directory 'C:/Users/Francisco Colaço/Documents/Unreal Projects/BoM_1Nehpi/Saved/Collections/' took 0.01s
[2017.05.17-18.38.36:795][  0]LogFileCache: Scanning file cache for directory 'C:/Users/Francisco Colaço/Documents/Unreal Projects/BoM_1Nehpi/Content/Developers/FranciscoColaço/Collections/' took 0.01s
[2017.05.17-18.38.36:795][  0]LogFileCache: Scanning file cache for directory 'C:/Users/Francisco Colaço/Documents/Unreal Projects/BoM_1Nehpi/Content/Collections/' took 0.01s
[2017.05.17-18.38.36:795][  0]LogCollectionManager: Rebuilt the GUID cache for 0 collections in 0.000004 seconds
[2017.05.17-18.38.36:811][  0]LogContentBrowser: Native class hierarchy populated in 0.0118 seconds. Added 2245 classes and 453 folders.
[2017.05.17-18.38.36:824][  0]LogStats: UGameplayTagsManager::ConstructGameplayTagTree: Construct from data asset -  0.000 s
[2017.05.17-18.38.36:824][  0]LogStats: UGameplayTagsManager::ConstructGameplayTagTree: GameplayTagTreeChangedEvent.Broadcast -  0.000 s
[2017.05.17-18.38.36:896][  0]LogContentBrowser: Native class hierarchy updated for 'WidgetCarousel' in 0.0006 seconds. Added 0 classes and 0 folders.
[2017.05.17-18.38.37:341][  0]LogContentBrowser: Native class hierarchy updated for 'AddContentDialog' in 0.0006 seconds. Added 0 classes and 0 folders.
[2017.05.17-18.38.37:394][  0]LogContentBrowser: Native class hierarchy updated for 'SceneOutliner' in 0.0007 seconds. Added 1 classes and 2 folders.
[2017.05.17-18.38.37:706][  0]LogCrashTracker: Crashtracker disabled due to settings.
[2017.05.17-18.38.37:728][  0]LogUObjectGlobals:Warning: Failed to find object 'Class None.'
[2017.05.17-18.38.37:816][  0]LogContentBrowser: Native class hierarchy updated for 'HierarchicalLODOutliner' in 0.0007 seconds. Added 1 classes and 2 folders.
[2017.05.17-18.38.37:817][  0]LogLoad: (Engine Initialization) Total time: 37.55 seconds
[2017.05.17-18.38.37:817][  0]LogLoad: (Engine Initialization) Total Blueprint compile time: 0.31 seconds
[2017.05.17-18.38.37:817][  0]LogExternalProfiler: Found external profiler: VSPerf
[2017.05.17-18.38.37:817][  0]LogExternalProfiler: Using external profiler: VSPerf
[2017.05.17-18.38.37:840][  0]LogOcInput: OculusInput pre-init called
[2017.05.17-18.38.37:888][  0]LogContentStreaming: Texture pool size now 1000 MB
[2017.05.17-18.38.37:906][  0]LogSlate: Took 0.005504 seconds to synchronously load lazily loaded font '../../../Engine/Content/Slate/Fonts/Roboto-Regular.ttf' (155K)
[2017.05.17-18.38.37:918][  0]LogSlate: Took 0.005478 seconds to synchronously load lazily loaded font '../../../Engine/Content/Slate/Fonts/Roboto-Bold.ttf' (160K)
[2017.05.17-18.38.37:934][  0]LogSlate: Took 0.004687 seconds to synchronously load lazily loaded font '../../../Engine/Content/Editor/Slate/Fonts/FontAwesome.ttf' (139K)
[2017.05.17-18.38.38:075][  0]LogSlate: Took 0.003439 seconds to synchronously load lazily loaded font '../../../Engine/Content/Slate/Fonts/Roboto-Light.ttf' (159K)
[2017.05.17-18.38.38:132][  0]LogRenderer: Reallocating scene render targets to support 812x380 NumSamples 1 (Frame:2).
[2017.05.17-18.38.38:500][  2]LogAssetRegistry: Asset discovery search completed in 19.3263 seconds
[2017.05.17-18.38.38:500][  2]LogCollectionManager: Rebuilt the object cache for 0 collections in 0.000115 seconds (found 0 objects)
[2017.05.17-18.38.38:500][  2]LogCollectionManager: Fixed up redirectors for 0 collections in 0.000152 seconds (updated 0 objects)
[2017.05.17-18.38.46:927][484]SourceControl: Info On branch master
[2017.05.17-18.38.46:927][484]SourceControl: Info Your branch is up-to-date with 'origin/master'.
[2017.05.17-18.38.46:927][484]SourceControl: Info Changes not staged for commit:
[2017.05.17-18.38.46:927][484]SourceControl: Info   (use "git add <file>..." to update what will be committed)
[2017.05.17-18.38.46:927][484]SourceControl: Info   (use "git checkout -- <file>..." to discard changes in working directory)
[2017.05.17-18.38.46:927][484]SourceControl: Info 	modified:   Intermediate/CachedAssetRegistry.bin
[2017.05.17-18.38.46:927][484]SourceControl: Info 	modified:   Saved/Config/Windows/EditorPerProjectUserSettings.ini
[2017.05.17-18.38.46:927][484]SourceControl: Info 	modified:   Saved/Config/Windows/Engine.ini
[2017.05.17-18.38.46:927][484]SourceControl: Info 	modified:   Saved/Logs/BoM_1Nehpi.log
[2017.05.17-18.38.46:927][484]SourceControl: Info Untracked files:
[2017.05.17-18.38.46:927][484]SourceControl: Info   (use "git add <file>..." to include in what will be committed)
[2017.05.17-18.38.46:927][484]SourceControl: Info 	Saved/Logs/BoM_1Nehpi-backup-2017.05.17-19.38.03.log
[2017.05.17-18.38.46:927][484]SourceControl: Info 	Saved/Logs/UE4CC-Windows-BA90372C49F0F665243D77B8065274A0/
[2017.05.17-18.38.46:927][484]SourceControl: Info no changes added to commit (use "git add" and/or "git commit -a")
[2017.05.17-18.38.50:822][718]LogStreaming:Warning: Failed to open ANSI TEXT file C:/Users/Francisco Colaço/Documents/Unreal Projects/BoM_1Nehpi/Saved/HardwareSurvey/dxdiag.txt
[2017.05.17-18.38.50:868][719]LogSynthBenchmark:Display: FSynthBenchmark (V0.95):  requested WorkScale=5.00
[2017.05.17-18.38.50:868][719]LogSynthBenchmark:Display: ===============
[2017.05.17-18.38.50:868][719]LogSynthBenchmark:Display: Main Processor:
[2017.05.17-18.38.51:125][719]LogSynthBenchmark:Display:          ... 0.025651 s/Run 'RayIntersect'
[2017.05.17-18.38.51:125][719]LogSynthBenchmark:Display:          ... 0.025626 s/Run 'Fractal'
[2017.05.17-18.38.51:125][719]LogSynthBenchmark:Display: 
[2017.05.17-18.38.51:125][719]LogSynthBenchmark:Display:   CompiledTarget_x_Bits: 64
[2017.05.17-18.38.51:125][719]LogSynthBenchmark:Display:   UE_BUILD_SHIPPING: 0
[2017.05.17-18.38.51:125][719]LogSynthBenchmark:Display:   UE_BUILD_TEST: 0
[2017.05.17-18.38.51:125][719]LogSynthBenchmark:Display:   UE_BUILD_DEBUG: 0
[2017.05.17-18.38.51:125][719]LogSynthBenchmark:Display:   TotalPhysicalGBRam: 8
[2017.05.17-18.38.51:125][719]LogSynthBenchmark:Display:   NumberOfCores (physical): 2
[2017.05.17-18.38.51:125][719]LogSynthBenchmark:Display:   NumberOfCores (logical): 4
[2017.05.17-18.38.51:125][719]LogSynthBenchmark:Display:   CPU Perf Index 0: 99.8 (weight 1.00)
[2017.05.17-18.38.51:125][719]LogSynthBenchmark:Display:   CPU Perf Index 1: 111.6 (weight 1.50)
[2017.05.17-18.38.51:125][719]LogSynthBenchmark:Display:  
[2017.05.17-18.38.51:125][719]LogSynthBenchmark:Display: Graphics:
[2017.05.17-18.38.51:125][719]LogSynthBenchmark:Display:   Adapter Name: 'NVIDIA GeForce 930M'
[2017.05.17-18.38.51:125][719]LogSynthBenchmark:Display:   (On Optimus the name might be wrong, memory should be ok)
[2017.05.17-18.38.51:125][719]LogSynthBenchmark:Display:   Vendor Id: 0x10DE
[2017.05.17-18.38.51:125][719]LogSynthBenchmark:Display:   Device Id: 0x1346
[2017.05.17-18.38.51:125][719]LogSynthBenchmark:Display:   Device Revision: 0xA2
[2017.05.17-18.38.51:125][719]LogSynthBenchmark:Display:   GPU Memory: 2021/0/3932 MB
[2017.05.17-18.38.51:222][719]LogSynthBenchmark:Display:   GPU first test: 0.02s
[2017.05.17-18.38.51:222][719]LogSynthBenchmark:Display:          ... 1.126 s/GigaPix, Confidence=100% 'ALUHeavyNoise' (likely to be very inaccurate)
[2017.05.17-18.38.51:222][719]LogSynthBenchmark:Display:          ... 1.070 s/GigaPix, Confidence=100% 'TexHeavy' (likely to be very inaccurate)
[2017.05.17-18.38.51:222][719]LogSynthBenchmark:Display:          ... 0.720 s/GigaPix, Confidence=100% 'DepTexHeavy' (likely to be very inaccurate)
[2017.05.17-18.38.51:222][719]LogSynthBenchmark:Display:          ... 3.963 s/GigaPix, Confidence=100% 'FillOnly' (likely to be very inaccurate)
[2017.05.17-18.38.51:222][719]LogSynthBenchmark:Display:          ... 0.176 s/GigaPix, Confidence=100% 'Bandwidth' (likely to be very inaccurate)
[2017.05.17-18.38.51:222][719]LogSynthBenchmark:Display:          ... 0.318 s/GigaVert, Confidence=100% 'VertThroughPut1' (likely to be very inaccurate)
[2017.05.17-18.38.51:222][719]LogSynthBenchmark:Display:          ... 1.690 s/GigaVert, Confidence=100% 'VertThroughPut2' (likely to be very inaccurate)
[2017.05.17-18.38.51:430][719]LogSynthBenchmark:Display:   GPU second test: 0.15s
[2017.05.17-18.38.51:430][719]LogSynthBenchmark:Display:          ... 1.647 s/GigaPix, Confidence=100% 'ALUHeavyNoise' (likely to be inaccurate)
[2017.05.17-18.38.51:430][719]LogSynthBenchmark:Display:          ... 1.268 s/GigaPix, Confidence=100% 'TexHeavy' (likely to be inaccurate)
[2017.05.17-18.38.51:430][719]LogSynthBenchmark:Display:          ... 1.159 s/GigaPix, Confidence=100% 'DepTexHeavy' (likely to be inaccurate)
[2017.05.17-18.38.51:430][719]LogSynthBenchmark:Display:          ... 6.334 s/GigaPix, Confidence=100% 'FillOnly' (likely to be inaccurate)
[2017.05.17-18.38.51:430][719]LogSynthBenchmark:Display:          ... 0.186 s/GigaPix, Confidence=100% 'Bandwidth' (likely to be inaccurate)
[2017.05.17-18.38.51:430][719]LogSynthBenchmark:Display:          ... 0.277 s/GigaVert, Confidence=100% 'VertThroughPut1' (likely to be inaccurate)
[2017.05.17-18.38.51:430][719]LogSynthBenchmark:Display:          ... 1.176 s/GigaVert, Confidence=100% 'VertThroughPut2' (likely to be inaccurate)
[2017.05.17-18.38.51:430][719]LogSynthBenchmark:Display:   GPU Final Results:
[2017.05.17-18.38.51:431][719]LogSynthBenchmark:Display:          ... 1.647 s/GigaPix, Confidence=100% 'ALUHeavyNoise'
[2017.05.17-18.38.51:431][719]LogSynthBenchmark:Display:          ... 1.268 s/GigaPix, Confidence=100% 'TexHeavy'
[2017.05.17-18.38.51:431][719]LogSynthBenchmark:Display:          ... 1.159 s/GigaPix, Confidence=100% 'DepTexHeavy'
[2017.05.17-18.38.51:431][719]LogSynthBenchmark:Display:          ... 6.334 s/GigaPix, Confidence=100% 'FillOnly'
[2017.05.17-18.38.51:431][719]LogSynthBenchmark:Display:          ... 0.186 s/GigaPix, Confidence=100% 'Bandwidth'
[2017.05.17-18.38.51:431][719]LogSynthBenchmark:Display:          ... 0.277 s/GigaVert, Confidence=100% 'VertThroughPut1'
[2017.05.17-18.38.51:431][719]LogSynthBenchmark:Display:          ... 1.176 s/GigaVert, Confidence=100% 'VertThroughPut2'
[2017.05.17-18.38.51:431][719]LogSynthBenchmark:Display: 
[2017.05.17-18.38.51:431][719]LogSynthBenchmark:Display:   GPU Perf Index 0: 35.8 (weight 1.00)
[2017.05.17-18.38.51:431][719]LogSynthBenchmark:Display:   GPU Perf Index 1: 17.0 (weight 0.10)
[2017.05.17-18.38.51:431][719]LogSynthBenchmark:Display:   GPU Perf Index 2: 30.1 (weight 0.10)
[2017.05.17-18.38.51:431][719]LogSynthBenchmark:Display:   GPU Perf Index 3: 24.9 (weight 3.00)
[2017.05.17-18.38.51:431][719]LogSynthBenchmark:Display:   GPU Perf Index 4: 17.3 (weight 1.00)
[2017.05.17-18.38.51:431][719]LogSynthBenchmark:Display:   GPU Perf Index 5: 18.0 (weight 0.00)
[2017.05.17-18.38.51:431][719]LogSynthBenchmark:Display:   GPU Perf Index 6: 66.6 (weight 0.00)
[2017.05.17-18.38.51:431][719]LogSynthBenchmark:Display:   CPUIndex: 106.9
[2017.05.17-18.38.51:431][719]LogSynthBenchmark:Display:   GPUIndex: 25.5
[2017.05.17-18.38.51:431][719]LogSynthBenchmark:Display: 
[2017.05.17-18.38.51:431][719]LogSynthBenchmark:Display:          ... Total Time: 0.562780 sec
[2017.05.17-18.39.00:347][184]SourceControl: Info fatal: C:/Program Files/Epic Games/UE_4.15/Engine/Content/EditorBlueprintResources/StandardMacros.uasset: 'C:/Program Files/Epic Games/UE_4.15/Engine/Content/EditorBlueprintResources/StandardMacros.uasset' is outside repository
[2017.05.17-18.39.00:347][184]SourceControl: Info fatal: C:/Program Files/Epic Games/UE_4.15/Engine/Content/Functions/Engine_MaterialFunctions02/Utility/BlendAngleCorrectedNormals.uasset: 'C:/Program Files/Epic Games/UE_4.15/Engine/Content/Functions/Engine_MaterialFunctions02/Utility/BlendAngleCorrectedNormals.uasset' is outside repository
[2017.05.17-18.39.00:347][184]SourceControl: Info fatal: C:/Program Files/Epic Games/UE_4.15/Engine/Content/Functions/MaterialLayerFunctions/MatLayerBlend_NormalBlend.uasset: 'C:/Program Files/Epic Games/UE_4.15/Engine/Content/Functions/MaterialLayerFunctions/MatLayerBlend_NormalBlend.uasset' is outside repository
[2017.05.17-18.39.00:359][184]LogSlate: Took 0.000154 seconds to synchronously load lazily loaded font '../../../Engine/Content/Slate/Fonts/Roboto-Light.ttf' (159K)
[2017.05.17-18.39.00:637][184]SourceControl:Error: Error error: cannot pull with rebase: You have unstaged changes.
[2017.05.17-18.39.00:637][184]SourceControl:Error: Error error: please commit or stash them.
[2017.05.17-18.39.00:643][184]LoadErrors: New page: Loading package: /Game/ThirdPersonBP/Blueprints/ThirdPersonCharacter
[2017.05.17-18.39.05:205][410]SourceControl: Info fatal: C:/Program Files/Epic Games/UE_4.15/Engine/Content/EditorBlueprintResources/StandardMacros.uasset: 'C:/Program Files/Epic Games/UE_4.15/Engine/Content/EditorBlueprintResources/StandardMacros.uasset' is outside repository
[2017.05.17-18.39.05:205][410]SourceControl: Info fatal: C:/Program Files/Epic Games/UE_4.15/Engine/Content/Functions/Engine_MaterialFunctions02/Utility/BlendAngleCorrectedNormals.uasset: 'C:/Program Files/Epic Games/UE_4.15/Engine/Content/Functions/Engine_MaterialFunctions02/Utility/BlendAngleCorrectedNormals.uasset' is outside repository
[2017.05.17-18.39.05:205][410]SourceControl: Info fatal: C:/Program Files/Epic Games/UE_4.15/Engine/Content/Functions/MaterialLayerFunctions/MatLayerBlend_NormalBlend.uasset: 'C:/Program Files/Epic Games/UE_4.15/Engine/Content/Functions/MaterialLayerFunctions/MatLayerBlend_NormalBlend.uasset' is outside repository
[2017.05.17-18.39.05:205][410]SourceControl: Info fatal: C:/Program Files/Epic Games/UE_4.15/Engine/Content/EngineSky/BP_Sky_Sphere.uasset: 'C:/Program Files/Epic Games/UE_4.15/Engine/Content/EngineSky/BP_Sky_Sphere.uasset' is outside repository
[2017.05.17-18.39.05:205][410]SourceControl: Info fatal: C:/Program Files/Epic Games/UE_4.15/Engine/Content/EngineMaterials/WorldGridMaterial.uasset: 'C:/Program Files/Epic Games/UE_4.15/Engine/Content/EngineMaterials/WorldGridMaterial.uasset' is outside repository
[2017.05.17-18.39.05:205][410]SourceControl: Info fatal: C:/Program Files/Epic Games/UE_4.15/Engine/Content/MapTemplates/Sky/DaylightAmbientCubemap.uasset: 'C:/Program Files/Epic Games/UE_4.15/Engine/Content/MapTemplates/Sky/DaylightAmbientCubemap.uasset' is outside repository
[2017.05.17-18.39.05:205][410]SourceControl: Info fatal: C:/Program Files/Epic Games/UE_4.15/Engine/Content/EditorMaterials/Thumbnails/SkySphereMaterial.uasset: 'C:/Program Files/Epic Games/UE_4.15/Engine/Content/EditorMaterials/Thumbnails/SkySphereMaterial.uasset' is outside repository
[2017.05.17-18.39.05:205][410]SourceControl: Info fatal: C:/Program Files/Epic Games/UE_4.15/Engine/Content/EditorMeshes/ColorCalibrator/SM_ColorCalibrator.uasset: 'C:/Program Files/Epic Games/UE_4.15/Engine/Content/EditorMeshes/ColorCalibrator/SM_ColorCalibrator.uasset' is outside repository
[2017.05.17-18.39.05:205][410]SourceControl: Info fatal: C:/Program Files/Epic Games/UE_4.15/Engine/Content/Functions/Engine_MaterialFunctions01/Opacity/CameraDepthFade.uasset: 'C:/Program Files/Epic Games/UE_4.15/Engine/Content/Functions/Engine_MaterialFunctions01/Opacity/CameraDepthFade.uasset' is outside repository
[2017.05.17-18.39.05:205][410]SourceControl: Info fatal: C:/Program Files/Epic Games/UE_4.15/Engine/Content/Functions/Engine_MaterialFunctions01/Gradient/RadialGradient.uasset: 'C:/Program Files/Epic Games/UE_4.15/Engine/Content/Functions/Engine_MaterialFunctions01/Gradient/RadialGradient.uasset' is outside repository
[2017.05.17-18.39.05:205][410]SourceControl: Info fatal: C:/Program Files/Epic Games/UE_4.15/Engine/Content/EngineFonts/RobotoDistanceField.uasset: 'C:/Program Files/Epic Games/UE_4.15/Engine/Content/EngineFonts/RobotoDistanceField.uasset' is outside repository
[2017.05.17-18.39.05:205][410]SourceControl: Info fatal: C:/Program Files/Epic Games/UE_4.15/Engine/Content/Functions/Engine_MaterialFunctions03/Procedurals/ComputeFilterWidth.uasset: 'C:/Program Files/Epic Games/UE_4.15/Engine/Content/Functions/Engine_MaterialFunctions03/Procedurals/ComputeFilterWidth.uasset' is outside repository
[2017.05.17-18.39.07:927][410]SourceControl:Error: Error error: cannot pull with rebase: You have unstaged changes.
[2017.05.17-18.39.07:927][410]SourceControl:Error: Error error: please commit or stash them.
[2017.05.17-18.39.07:930][410]LoadErrors: New page: Loading package: /Game/Mannequin/Animations/ThirdPerson_AnimBP
[2017.05.17-18.39.07:949][410]LoadErrors: New page: Loading package: /Game/Mannequin/Animations/ThirdPerson_IdleRun_2D
[2017.05.17-18.39.07:951][410]LoadErrors: New page: Loading package: /Game/Mannequin/Animations/ThirdPersonWalk
[2017.05.17-18.39.07:954][410]LoadErrors: New page: Loading package: /Game/Mannequin/Animations/ThirdPersonRun
[2017.05.17-18.39.07:957][410]LoadErrors: New page: Loading package: /Game/Mannequin/Animations/ThirdPersonIdle
[2017.05.17-18.39.07:959][410]LoadErrors: New page: Loading package: /Game/Mannequin/Animations/ThirdPersonJump_Start
[2017.05.17-18.39.07:961][410]LoadErrors: New page: Loading package: /Game/Mannequin/Animations/ThirdPersonJump_Loop
[2017.05.17-18.39.07:963][410]LoadErrors: New page: Loading package: /Game/Mannequin/Animations/ThirdPerson_Jump
[2017.05.17-18.39.07:965][410]LoadErrors: New page: Loading package: /Game/Mannequin/Character/Mesh/UE4_Mannequin_Skeleton
[2017.05.17-18.39.07:968][410]LoadErrors: New page: Loading package: /Game/Mannequin/Character/Materials/MaterialLayers/T_ML_Rubber_Blue_01_D
[2017.05.17-18.39.07:972][410]LoadErrors: New page: Loading package: /Game/Mannequin/Character/Materials/MaterialLayers/T_ML_Rubber_Blue_01_N
[2017.05.17-18.39.07:975][410]LoadErrors: New page: Loading package: /Game/Mannequin/Character/Materials/MaterialLayers/ML_GlossyBlack_Latex_UE4
[2017.05.17-18.39.07:979][410]LoadErrors: New page: Loading package: /Game/Mannequin/Character/Materials/MaterialLayers/ML_Plastic_Shiny_Beige
[2017.05.17-18.39.07:983][410]LoadErrors: New page: Loading package: /Game/Mannequin/Character/Textures/UE4_LOGO_CARD
[2017.05.17-18.39.07:986][410]LoadErrors: New page: Loading package: /Game/Mannequin/Character/Materials/MaterialLayers/ML_Plastic_Shiny_Beige_LOGO
[2017.05.17-18.39.07:991][410]LoadErrors: New page: Loading package: /Game/Mannequin/Character/Materials/MaterialLayers/T_ML_Aluminum01
[2017.05.17-18.39.07:994][410]LoadErrors: New page: Loading package: /Game/Mannequin/Character/Materials/MaterialLayers/T_ML_Aluminum01_N
[2017.05.17-18.39.07:998][410]LoadErrors: New page: Loading package: /Game/Mannequin/Character/Materials/MaterialLayers/ML_SoftMetal_UE4
[2017.05.17-18.39.08:003][410]LoadErrors: New page: Loading package: /Game/Mannequin/Character/Textures/UE4_Mannequin__normals
[2017.05.17-18.39.08:008][410]LoadErrors: New page: Loading package: /Game/Mannequin/Character/Textures/UE4_Mannequin_MAT_MASKA
[2017.05.17-18.39.08:012][410]LoadErrors: New page: Loading package: /Game/Mannequin/Character/Materials/M_UE4Man_Body
[2017.05.17-18.39.08:024][410]LoadErrors: New page: Loading package: /Game/Mannequin/Character/Textures/UE4Man_Logo_N
[2017.05.17-18.39.08:028][410]LoadErrors: New page: Loading package: /Game/Mannequin/Character/Materials/M_UE4Man_ChestLogo
[2017.05.17-18.39.08:037][410]LoadErrors: New page: Loading package: /Game/Mannequin/Character/Mesh/SK_Mannequin_PhysicsAsset
[2017.05.17-18.39.08:042][410]LoadErrors: New page: Loading package: /Game/Mannequin/Character/Mesh/SK_Mannequin
[2017.05.17-18.39.08:067][410]LoadErrors: New page: Loading package: /Game/ThirdPersonBP/Blueprints/ThirdPersonCharacter
[2017.05.17-18.39.08:077][410]LoadErrors: New page: Loading package: /Game/ThirdPersonBP/Maps/ThirdPersonExampleMap_BuiltData
[2017.05.17-18.39.08:085][410]LoadErrors: New page: Loading package: /Game/Geometry/Meshes/CubeMaterial
[2017.05.17-18.39.08:092][410]LoadErrors: New page: Loading package: /Game/Geometry/Meshes/1M_Cube
[2017.05.17-18.39.08:099][410]LoadErrors: New page: Loading package: /Game/Geometry/Meshes/1M_Cube_Chamfer
[2017.05.17-18.39.08:104][410]LoadErrors: New page: Loading package: /Game/Geometry/Meshes/TemplateFloor
[2017.05.17-18.39.08:109][410]LoadErrors: New page: Loading package: /Game/ThirdPerson/Meshes/RampMaterial
[2017.05.17-18.39.08:115][410]LoadErrors: New page: Loading package: /Game/ThirdPerson/Meshes/Bump_StaticMesh
[2017.05.17-18.39.08:120][410]LoadErrors: New page: Loading package: /Game/ThirdPerson/Meshes/LeftArm_StaticMesh
[2017.05.17-18.39.08:124][410]LoadErrors: New page: Loading package: /Game/ThirdPerson/Meshes/Linear_Stair_StaticMesh
[2017.05.17-18.39.08:128][410]LoadErrors: New page: Loading package: /Game/ThirdPerson/Meshes/Ramp_StaticMesh
[2017.05.17-18.39.08:133][410]LoadErrors: New page: Loading package: /Game/ThirdPerson/Meshes/RightArm_StaticMesh
[2017.05.17-18.39.08:137][410]LoadErrors: New page: Loading package: /Game/ThirdPersonBP/ThirdPersonOverview
