Log file open, 05/17/17 19:47:11
LogInit:Display: Running engine for game: BoM_1Nehpi
LogPlatformFile: Not using cached read wrapper
LogInit:Display: RandInit(-1585216542) SRandInit(-1585216542).
LogTaskGraph: Started task graph with 5 named threads and 6 total threads with 1 sets of task threads.
LogStats: Stats thread started at 0.065435
LogInit: Using libcurl 7.47.1
LogInit:  - built for x86_64-pc-win32
LogInit:  - supports SSL with OpenSSL/1.0.2g
LogInit:  - supports HTTP deflate (compression) using libz 1.2.8
LogInit:  - other features:
LogInit:      CURL_VERSION_SSL
LogInit:      CURL_VERSION_LIBZ
LogInit:      CURL_VERSION_IPV6
LogInit:      CURL_VERSION_ASYNCHDNS
LogInit:      CURL_VERSION_LARGEFILE
LogInit:      CURL_VERSION_IDN
LogInit:  CurlRequestOptions (configurable via config and command line):
LogInit:  - bVerifyPeer = false  - Libcurl will NOT verify peer certificate
LogInit:  - bUseHttpProxy = false  - Libcurl will NOT use HTTP proxy
LogInit:  - bDontReuseConnections = false  - Libcurl will reuse connections
LogInit:  - CertBundlePath = nullptr  - Libcurl will use whatever was configured at build time.
LogInit: Build: ++UE4+Release-4.15-CL-3348071
LogInit: Engine Version: 4.15.1-3348071+++UE4+Release-4.15
LogInit: Compatible Engine Version: 4.15.0-3299760+++UE4+Release-4.15
LogInit: Net CL: 3299760
LogDevObjectVersion: Number of dev versions registered: 14
LogDevObjectVersion:   Dev-Blueprints (B0D832E4-1F89-4F0D-ACCF-7EB736FD4AA2): 8
LogDevObjectVersion:   Dev-Build (E1C64328-A22C-4D53-A36C-8E866417BD8C): 0
LogDevObjectVersion:   Dev-Core (375EC13C-06E4-48FB-B500-84F0262A717E): 2
LogDevObjectVersion:   Dev-Editor (E4B068ED-F494-42E9-A231-DA0B2E46BB41): 14
LogDevObjectVersion:   Dev-Framework (CFFC743F-43B0-4480-9391-14DF171D2073): 22
LogDevObjectVersion:   Dev-Mobile (B02B49B5-BB20-44E9-A304-32B752E40360): 0
LogDevObjectVersion:   Dev-Networking (A4E4105C-59A1-49B5-A7C5-40C4547EDFEE): 0
LogDevObjectVersion:   Dev-Online (39C831C9-5AE6-47DC-9A44-9C173E1C8E7C): 0
LogDevObjectVersion:   Dev-Physics (78F01B33-EBEA-4F98-B9B4-84EACCB95AA2): 0
LogDevObjectVersion:   Dev-Platform (6631380F-2D4D-43E0-8009-CF276956A95A): 0
LogDevObjectVersion:   Dev-Rendering (12F88B9F-8875-4AFC-A67C-D90C383ABD29): 12
LogDevObjectVersion:   Dev-Sequencer (7B5AE74C-D270-4C10-A958-57980B212A5A): 3
LogDevObjectVersion:   Dev-VR (D7296918-1DD6-4BDD-9DE2-64A83CC13884): 0
LogDevObjectVersion:   Dev-LoadTimes (C2A15278-BFE7-4AFE-6C17-90FF531DF755): 1
LogInit: Compiled (64-bit): Mar 15 2017 16:52:47
LogInit: Compiled with Visual C++: 19.00.23026.00
LogInit: Build Configuration: Development
LogInit: Branch Name: ++UE4+Release-4.15
LogInit: Command line:  
LogInit: Base directory: C:/Program Files/Epic Games/UE_4.15/Engine/Binaries/Win64/
LogInit: Installed Engine Build: 1
LogInit: Presizing for max 8388607 objects, including 0 objects not considered by GC, pre-allocating 0 bytes for permanent pool.
LogInit: Object subsystem initialized
[2017.05.17-18.47.12:774][  0]LogInit: Selected Device Profile: [Windows]
[2017.05.17-18.47.12:774][  0]LogInit: Applying CVar settings loaded from the selected device profile: [Windows]
[2017.05.17-18.47.12:786][  0]LogInit: Computer: DESKTOP-3GCDT4S
[2017.05.17-18.47.12:786][  0]LogInit: User: FranciscoColaço
[2017.05.17-18.47.12:786][  0]LogInit: CPU Page size=65536, Cores=2
[2017.05.17-18.47.12:786][  0]LogInit: High frequency timer resolution =2.531255 MHz
[2017.05.17-18.47.12:786][  0]LogMemory: Memory total: Physical=7.7GB (8GB approx)
[2017.05.17-18.47.12:786][  0]LogMemory: Platform Memory Stats for Windows
[2017.05.17-18.47.12:786][  0]LogMemory: Process Physical Memory: 263.14 MB used, 263.14 MB peak
[2017.05.17-18.47.12:786][  0]LogMemory: Process Virtual Memory: 262.44 MB used, 262.44 MB peak
[2017.05.17-18.47.12:786][  0]LogMemory: Physical Memory: 5532.52 MB used,  2331.34 MB free, 7863.86 MB total
[2017.05.17-18.47.12:786][  0]LogMemory: Virtual Memory: 643.38 MB used,  2331.34 MB free, 134217728.00 MB total
[2017.05.17-18.47.12:907][  0]LogTextLocalizationManager: No translations for ('pt-PT') exist, falling back to 'en' for localization and internationalization data.
[2017.05.17-18.47.13:846][  0]LogD3D11RHI: D3D11 adapters:
[2017.05.17-18.47.13:896][  0]LogD3D11RHI:    0. 'NVIDIA GeForce 930M' (Feature Level 11_0)
[2017.05.17-18.47.13:896][  0]LogD3D11RHI:       2020/0/3931 MB DedicatedVideo/DedicatedSystem/SharedSystem, Outputs:1, VendorId:0x10de
[2017.05.17-18.47.13:903][  0]LogD3D11RHI:    1. 'Intel(R) HD Graphics 520' (Feature Level 11_0)
[2017.05.17-18.47.13:903][  0]LogD3D11RHI:       128/0/3931 MB DedicatedVideo/DedicatedSystem/SharedSystem, Outputs:0, VendorId:0x8086
[2017.05.17-18.47.13:904][  0]LogD3D11RHI:    2. 'Microsoft Basic Render Driver' (Feature Level 11_0)
[2017.05.17-18.47.13:904][  0]LogD3D11RHI:       0/0/3931 MB DedicatedVideo/DedicatedSystem/SharedSystem, Outputs:0, VendorId:0x1414
[2017.05.17-18.47.13:904][  0]LogD3D11RHI: Chosen D3D11 Adapter: 0
[2017.05.17-18.47.13:909][  0]LogD3D11RHI: Creating new Direct3DDevice
[2017.05.17-18.47.13:909][  0]LogD3D11RHI:     GPU DeviceId: 0x1346 (for the marketing name, search the web for "GPU Device Id")
[2017.05.17-18.47.13:909][  0]LogWindows: EnumDisplayDevices:
[2017.05.17-18.47.13:910][  0]LogWindows:    0. 'Intel(R) HD Graphics 520' (P:1 D:1)
[2017.05.17-18.47.13:910][  0]LogWindows:    1. 'Intel(R) HD Graphics 520' (P:0 D:0)
[2017.05.17-18.47.13:910][  0]LogWindows:    2. 'Intel(R) HD Graphics 520' (P:0 D:0)
[2017.05.17-18.47.13:910][  0]LogWindows: DebugString: PrimaryIsNotTheChoosenAdapter PrimaryIsNotTheChoosenAdapter PrimaryIsNotTheChoosenAdapter FoundDriverCount:0 
[2017.05.17-18.47.13:910][  0]LogD3D11RHI:     Adapter Name: NVIDIA GeForce 930M
[2017.05.17-18.47.13:910][  0]LogD3D11RHI:   Driver Version: Unknown (internal:Unknown, unified:Unknown)
[2017.05.17-18.47.13:910][  0]LogD3D11RHI:      Driver Date: Unknown
[2017.05.17-18.47.13:910][  0]LogRHI: Texture pool is 1361 MB (70% of 1945 MB)
[2017.05.17-18.47.13:935][  0]LogD3D11RHI: Async texture creation enabled
[2017.05.17-18.47.13:952][  0]LogD3D11RHI: GPU Timing Frequency: 1000.000000 (Debug: 2 2)
[2017.05.17-18.47.13:952][  0]LogShaderCompilers: Guid format shader working directory is -21 characters bigger than the processId version (../../../../../../Users/Francisco Colaço/Documents/Unreal Projects/BoM_1Nehpi/Intermediate/Shaders/WorkingDirectory/15176/).
[2017.05.17-18.47.13:953][  0]LogShaderCompilers: Cleaned the shader compiler working directory 'C:/Users/Francisco Colaço/AppData/Local/Temp/UnrealShaderWorkingDir/D6A56C6147E2239274136CADD2045B26/'.
[2017.05.17-18.47.13:953][  0]LogShaderCompilers:Display: Using Local Shader Compiler.
[2017.05.17-18.47.15:327][  0]LogTemp:Display: Loaded TP AllDesktopTargetPlatform
[2017.05.17-18.47.15:396][  0]LogTemp:Display: Loaded TP MacClientTargetPlatform
[2017.05.17-18.47.15:465][  0]LogTemp:Display: Loaded TP MacNoEditorTargetPlatform
[2017.05.17-18.47.15:533][  0]LogTemp:Display: Loaded TP MacServerTargetPlatform
[2017.05.17-18.47.15:605][  0]LogTemp:Display: Loaded TP MacTargetPlatform
[2017.05.17-18.47.15:681][  0]LogTemp:Display: Loaded TP WindowsClientTargetPlatform
[2017.05.17-18.47.15:748][  0]LogTemp:Display: Loaded TP WindowsNoEditorTargetPlatform
[2017.05.17-18.47.15:820][  0]LogTemp:Display: Loaded TP WindowsServerTargetPlatform
[2017.05.17-18.47.15:876][  0]LogTemp:Display: Loaded TP WindowsTargetPlatform
[2017.05.17-18.47.15:943][  0]LogTemp:Display: Loaded TP AndroidTargetPlatform
[2017.05.17-18.47.16:012][  0]LogTemp:Display: Loaded TP Android_ASTCTargetPlatform
[2017.05.17-18.47.16:085][  0]LogTemp:Display: Loaded TP Android_ATCTargetPlatform
[2017.05.17-18.47.16:151][  0]LogTemp:Display: Loaded TP Android_DXTTargetPlatform
[2017.05.17-18.47.16:220][  0]LogTemp:Display: Loaded TP Android_ETC1TargetPlatform
[2017.05.17-18.47.16:287][  0]LogTemp:Display: Loaded TP Android_ETC2TargetPlatform
[2017.05.17-18.47.16:434][  0]LogTemp:Display: Loaded TP Android_MultiTargetPlatform
[2017.05.17-18.47.16:434][  0]LogTemp:Display: Loaded TP Android_PVRTCTargetPlatform
[2017.05.17-18.47.16:492][  0]LogTemp:Display: Loaded TP HTML5TargetPlatform
[2017.05.17-18.47.16:615][  0]LogTemp:Display: Loaded TP IOSTargetPlatform
[2017.05.17-18.47.16:659][  0]LogTemp:Display: Loaded TP TVOSTargetPlatform
[2017.05.17-18.47.16:724][  0]LogTemp:Display: Loaded TP LinuxClientTargetPlatform
[2017.05.17-18.47.16:792][  0]LogTemp:Display: Loaded TP LinuxNoEditorTargetPlatform
[2017.05.17-18.47.16:858][  0]LogTemp:Display: Loaded TP LinuxServerTargetPlatform
[2017.05.17-18.47.16:925][  0]LogTemp:Display: Loaded TP LinuxTargetPlatform
[2017.05.17-18.47.16:925][  0]LogTargetPlatformManager:Display: Building Assets For Windows
[2017.05.17-18.47.17:493][  0]LogDerivedDataCache:Display: Max Cache Size: 512 MB
[2017.05.17-18.47.17:551][  0]LogDerivedDataCache: Loaded boot cache 0.06s 50MB C:/Users/Francisco Colaço/AppData/Local/UnrealEngine/4.15/DerivedDataCache/Boot.ddc.
[2017.05.17-18.47.17:551][  0]LogDerivedDataCache:Display: Loaded Boot cache: C:/Users/Francisco Colaço/AppData/Local/UnrealEngine/4.15/DerivedDataCache/Boot.ddc
[2017.05.17-18.47.17:551][  0]LogDerivedDataCache: FDerivedDataBackendGraph:  Pak pak cache file ../../../../../../Users/Francisco Colaço/Documents/Unreal Projects/BoM_1Nehpi/DerivedDataCache/DDC.ddp not found, will not use a pak cache.
[2017.05.17-18.47.17:551][  0]LogDerivedDataCache: Unable to find inner node Pak for hierarchical cache Hierarchy.
[2017.05.17-18.47.17:551][  0]LogDerivedDataCache: FDerivedDataBackendGraph:  CompressedPak pak cache file ../../../../../../Users/Francisco Colaço/Documents/Unreal Projects/BoM_1Nehpi/DerivedDataCache/Compressed.ddp not found, will not use a pak cache.
[2017.05.17-18.47.17:551][  0]LogDerivedDataCache: Unable to find inner node CompressedPak for hierarchical cache Hierarchy.
[2017.05.17-18.47.17:573][  0]LogDerivedDataCache:Display: Pak cache opened for reading ../../../Engine/DerivedDataCache/Compressed.ddp.
[2017.05.17-18.47.17:585][  0]LogDerivedDataCache: Using Local data cache path C:/Users/Francisco Colaço/AppData/Local/UnrealEngine/Common/DerivedDataCache: Writable
[2017.05.17-18.47.17:596][  0]LogSlate: Using Freetype 2.6.0
[2017.05.17-18.47.17:597][  0]LogSlate: SlateFontCache - WITH_FREETYPE: 1, WITH_HARFBUZZ: 1
[2017.05.17-18.47.17:597][  0]LogSlate: SlateFontCache - WITH_FREETYPE: 1, WITH_HARFBUZZ: 1
[2017.05.17-18.47.17:960][  0]LogInit: Selected Device Profile: [Windows]
[2017.05.17-18.47.17:964][  0]LogContentStreaming: Texture pool size is 0.00 MB
[2017.05.17-18.47.18:222][  0]LogMeshUtilities: Using QuadricMeshReduction for automatic static mesh reduction
[2017.05.17-18.47.18:275][  0]LogSimplygon: Simplygon DLL not present - disabling.
[2017.05.17-18.47.18:329][  0]LogMeshUtilities: Using SimplygonSwarm for distributed automatic mesh merging
[2017.05.17-18.47.18:329][  0]LogMeshUtilities: No automatic skeletal mesh reduction module available
[2017.05.17-18.47.18:329][  0]LogMeshUtilities: No automatic mesh merging module available
[2017.05.17-18.47.18:992][  0]LogNetVersion: GetLocalNetworkVersion: CL: 3299760, ProjectName: bom_1nehpi, ProjectVersion: , EngineNetworkVersion: 2, GameNetworkVersion: 0, NetworkChecksum: 3875588748
[2017.05.17-18.47.19:049][  0]LogAssetRegistry: FAssetRegistry took 0.0214 seconds to start up
[2017.05.17-18.47.19:094][  0]LogPackageLocalizationCache: Processed 3 localized package path(s) for 1 prioritized culture(s) in 0.014146 seconds
[2017.05.17-18.47.19:102][  0]LogUObjectArray: 32493 objects as part of root set at end of initial load.
[2017.05.17-18.47.19:102][  0]LogUObjectAllocator: 7077024 out of 0 bytes used by permanent object pool.
[2017.05.17-18.47.19:102][  0]LogUObjectArray: CloseDisregardForGC: 0/0 objects in disregard for GC pool
[2017.05.17-18.47.19:186][  0]LogInit: WinSock: version 1.1 (2.2), MaxSocks=32767, MaxUdp=65467
[2017.05.17-18.47.21:196][  0]LogTcpMessaging: Initializing TcpMessaging bridge
[2017.05.17-18.47.21:241][  0]LogUdpMessaging: Initializing bridge on interface 0.0.0.0:0 to multicast group 230.0.0.1:6666.
[2017.05.17-18.47.21:792][  0]LogMaterial: Uniform references updated for custom material expression Custom.
[2017.05.17-18.47.22:283][  0]SourceControl: Info Source control is disabled
[2017.05.17-18.47.25:049][  0]LogEngine: Initializing Engine...
[2017.05.17-18.47.25:049][  0]LogHMD: Failed to initialize OpenVR with code 110
[2017.05.17-18.47.25:328][  0]LogAIModule: Creating AISystem for world Untitled
[2017.05.17-18.47.25:340][  0]LogInit: XAudio2 using 'Headphones (Realtek High Definition Audio)' : 2 channels at 48 kHz using 32 bits per sample (channel mask 0x3)
[2017.05.17-18.47.25:356][  0]LogInit: FAudioDevice initialized.
[2017.05.17-18.47.25:386][  0]LogDerivedDataCache: Saved boot cache 0.03s 50MB C:/Users/Francisco Colaço/AppData/Local/UnrealEngine/4.15/DerivedDataCache/Boot.ddc.
[2017.05.17-18.47.25:390][  0]LogInit: Texture streaming: Enabled
[2017.05.17-18.47.25:514][  0]LogEngineSessionManager: EngineSessionManager initialized
[2017.05.17-18.47.25:617][  0]LogInit: Transaction tracking system initialized
[2017.05.17-18.47.26:041][  0]BlueprintLog: New page: Editor Load
[2017.05.17-18.47.27:165][  0]LocalizationService: Info Localization service is disabled
[2017.05.17-18.47.28:043][  0]LogConsoleResponse:Display: 
[2017.05.17-18.47.28:201][  0]LogCook:Display: Max memory allowance for cook 16384mb min free memory 0mb
[2017.05.17-18.47.28:201][  0]LogCook:Display: Mobile HDR setting 1
[2017.05.17-18.47.28:363][  0]LogFileCache: Scanning file cache for directory 'C:/Users/Francisco Colaço/Documents/Unreal Projects/BoM_1Nehpi/Content/' took 0.01s
[2017.05.17-18.47.29:675][  0]Cmd: MAP LOAD FILE="../../../../../../Users/Francisco Colaço/Documents/Unreal Projects/BoM_1Nehpi/Content/ThirdPersonBP/Maps/ThirdPersonExampleMap.umap" TEMPLATE=0 SHOWPROGRESS=1 FEATURELEVEL=3
[2017.05.17-18.47.29:676][  0]LightingResults: New page: Lighting Build
[2017.05.17-18.47.29:723][  0]MapCheck: New page: Map Check
[2017.05.17-18.47.29:723][  0]LightingResults: New page: Lighting Build
[2017.05.17-18.47.30:161][  0]LogAIModule: Creating AISystem for world ThirdPersonExampleMap
[2017.05.17-18.47.30:192][  0]LogEditorServer: Finished looking for orphan Actors (0.000 secs)
[2017.05.17-18.47.30:193][  0]Cmd: MAP CHECKDEP NOCLEARLOG
[2017.05.17-18.47.30:244][  0]MapCheck: Info Map check complete: 0 Error(s), 0 Warning(s), took 51.101ms to complete.
[2017.05.17-18.47.30:244][  0]LogFileHelpers: Loading map 'ThirdPersonExampleMap' took 0.569
[2017.05.17-18.47.30:307][  0]LogWindowsTextInputMethodSystem:Display: IME system now deactivated.
[2017.05.17-18.47.30:468][  0]LogCollectionManager: Loaded 0 collections in 0.001444 seconds
[2017.05.17-18.47.30:553][  0]LogFileCache: Scanning file cache for directory 'C:/Users/Francisco Colaço/Documents/Unreal Projects/BoM_1Nehpi/Saved/Collections/' took 0.01s
[2017.05.17-18.47.30:553][  0]LogFileCache: Scanning file cache for directory 'C:/Users/Francisco Colaço/Documents/Unreal Projects/BoM_1Nehpi/Content/Developers/FranciscoColaço/Collections/' took 0.01s
[2017.05.17-18.47.30:553][  0]LogFileCache: Scanning file cache for directory 'C:/Users/Francisco Colaço/Documents/Unreal Projects/BoM_1Nehpi/Content/Collections/' took 0.01s
[2017.05.17-18.47.30:553][  0]LogCollectionManager: Rebuilt the GUID cache for 0 collections in 0.000002 seconds
[2017.05.17-18.47.30:564][  0]LogContentBrowser: Native class hierarchy populated in 0.0108 seconds. Added 2245 classes and 453 folders.
[2017.05.17-18.47.30:567][  0]LogStats: UGameplayTagsManager::ConstructGameplayTagTree: Construct from data asset -  0.000 s
[2017.05.17-18.47.30:567][  0]LogStats: UGameplayTagsManager::ConstructGameplayTagTree: GameplayTagTreeChangedEvent.Broadcast -  0.000 s
[2017.05.17-18.47.30:636][  0]LogContentBrowser: Native class hierarchy updated for 'WidgetCarousel' in 0.0005 seconds. Added 0 classes and 0 folders.
[2017.05.17-18.47.30:675][  0]LogContentBrowser: Native class hierarchy updated for 'AddContentDialog' in 0.0005 seconds. Added 0 classes and 0 folders.
[2017.05.17-18.47.30:723][  0]LogContentBrowser: Native class hierarchy updated for 'SceneOutliner' in 0.0007 seconds. Added 1 classes and 2 folders.
[2017.05.17-18.47.30:857][  0]LogCrashTracker: Crashtracker disabled due to settings.
[2017.05.17-18.47.30:866][  0]LogUObjectGlobals:Warning: Failed to find object 'Class None.'
[2017.05.17-18.47.30:939][  0]LogContentBrowser: Native class hierarchy updated for 'HierarchicalLODOutliner' in 0.0015 seconds. Added 1 classes and 2 folders.
[2017.05.17-18.47.30:939][  0]LogLoad: (Engine Initialization) Total time: 20.23 seconds
[2017.05.17-18.47.30:939][  0]LogLoad: (Engine Initialization) Total Blueprint compile time: 0.19 seconds
[2017.05.17-18.47.30:939][  0]LogExternalProfiler: Found external profiler: VSPerf
[2017.05.17-18.47.30:939][  0]LogExternalProfiler: Using external profiler: VSPerf
[2017.05.17-18.47.30:957][  0]LogOcInput: OculusInput pre-init called
[2017.05.17-18.47.30:977][  0]SourceControl: Info On branch master
[2017.05.17-18.47.30:977][  0]SourceControl: Info Your branch is up-to-date with 'origin/master'.
[2017.05.17-18.47.30:977][  0]SourceControl: Info Changes not staged for commit:
[2017.05.17-18.47.30:977][  0]SourceControl: Info   (use "git add <file>..." to update what will be committed)
[2017.05.17-18.47.30:977][  0]SourceControl: Info   (use "git checkout -- <file>..." to discard changes in working directory)
[2017.05.17-18.47.30:977][  0]SourceControl: Info 	modified:   Intermediate/CachedAssetRegistry.bin
[2017.05.17-18.47.30:977][  0]SourceControl: Info 	modified:   Saved/Autosaves/PackageRestoreData.json
[2017.05.17-18.47.30:977][  0]SourceControl: Info 	modified:   Saved/Config/Windows/Editor.ini
[2017.05.17-18.47.30:977][  0]SourceControl: Info 	modified:   Saved/Logs/BoM_1Nehpi.log
[2017.05.17-18.47.30:977][  0]SourceControl: Info Untracked files:
[2017.05.17-18.47.30:977][  0]SourceControl: Info   (use "git add <file>..." to include in what will be committed)
[2017.05.17-18.47.30:977][  0]SourceControl: Info 	Saved/Logs/BoM_1Nehpi-backup-2017.05.17-19.47.11.log
[2017.05.17-18.47.30:977][  0]SourceControl: Info 	Saved/Logs/UE4CC-Windows-2092F8524C7B09BBB1A5D79B074FADBE/
[2017.05.17-18.47.30:977][  0]SourceControl: Info no changes added to commit (use "git add" and/or "git commit -a")
[2017.05.17-18.47.30:977][  0]LogContentStreaming: Texture pool size now 1000 MB
[2017.05.17-18.47.30:978][  0]LogSlate: Took 0.000238 seconds to synchronously load lazily loaded font '../../../Engine/Content/Slate/Fonts/Roboto-Regular.ttf' (155K)
[2017.05.17-18.47.30:982][  0]LogSlate: Took 0.000172 seconds to synchronously load lazily loaded font '../../../Engine/Content/Slate/Fonts/Roboto-Bold.ttf' (160K)
[2017.05.17-18.47.30:989][  0]LogSlate: Took 0.000391 seconds to synchronously load lazily loaded font '../../../Engine/Content/Editor/Slate/Fonts/FontAwesome.ttf' (139K)
[2017.05.17-18.47.31:077][  0]LogSlate: Took 0.000256 seconds to synchronously load lazily loaded font '../../../Engine/Content/Slate/Fonts/Roboto-Light.ttf' (159K)
[2017.05.17-18.47.31:134][  0]LogRenderer: Reallocating scene render targets to support 812x380 NumSamples 1 (Frame:2).
[2017.05.17-18.47.31:240][  1]LogAssetRegistry: Asset discovery search completed in 12.2124 seconds
[2017.05.17-18.47.31:240][  1]LogCollectionManager: Rebuilt the object cache for 0 collections in 0.000006 seconds (found 0 objects)
[2017.05.17-18.47.31:240][  1]LogCollectionManager: Fixed up redirectors for 0 collections in 0.000020 seconds (updated 0 objects)
[2017.05.17-18.47.36:462][307]LogTemp: Repeting last play command: Selected Viewport
[2017.05.17-18.47.36:473][307]LogBlueprintUserMessages: Early PlayInEditor Detection: Level '/Game/ThirdPersonBP/Maps/ThirdPersonExampleMap.ThirdPersonExampleMap:PersistentLevel' has LevelScriptBlueprint '/Game/ThirdPersonBP/Maps/ThirdPersonExampleMap.ThirdPersonExampleMap:PersistentLevel.ThirdPersonExampleMap' with GeneratedClass '/Game/ThirdPersonBP/Maps/ThirdPersonExampleMap.ThirdPersonExampleMap_C' with ClassGeneratedBy '/Game/ThirdPersonBP/Maps/ThirdPersonExampleMap.ThirdPersonExampleMap:PersistentLevel.ThirdPersonExampleMap'
[2017.05.17-18.47.36:473][307]LogPlayLevel: PlayLevel: No blueprints needed recompiling
[2017.05.17-18.47.36:473][307]PIE: New page: PIE session: ThirdPersonExampleMap (May 17, 2017, 8:47:36 PM)
[2017.05.17-18.47.36:474][307]LogPlayLevel: Creating play world package: /Game/ThirdPersonBP/Maps/UEDPIE_0_ThirdPersonExampleMap
[2017.05.17-18.47.36:508][307]LogPlayLevel: PIE: StaticDuplicateObject took: (0.034730s)
[2017.05.17-18.47.36:511][307]LogAIModule: Creating AISystem for world ThirdPersonExampleMap
[2017.05.17-18.47.36:513][307]LogPlayLevel: PIE: World Init took: (0.004156s)
[2017.05.17-18.47.36:513][307]LogPlayLevel: PIE: Created PIE world by copying editor world from /Game/ThirdPersonBP/Maps/ThirdPersonExampleMap.ThirdPersonExampleMap to /Game/ThirdPersonBP/Maps/UEDPIE_0_ThirdPersonExampleMap.ThirdPersonExampleMap (0.039486s)
[2017.05.17-18.47.36:545][307]LogInit: XAudio2 using 'Headphones (Realtek High Definition Audio)' : 2 channels at 48 kHz using 32 bits per sample (channel mask 0x3)
[2017.05.17-18.47.36:556][307]LogInit: FAudioDevice initialized.
[2017.05.17-18.47.36:613][307]LogLoad: Game class is 'ThirdPersonGameMode_C'
[2017.05.17-18.47.36:615][307]LogWorld: Bringing World /Game/ThirdPersonBP/Maps/UEDPIE_0_ThirdPersonExampleMap.ThirdPersonExampleMap up for play (max tick rate 60) at 2017.05.17-19.47.36
[2017.05.17-18.47.36:616][307]LogWorld: Bringing up level for play took: 0.002142
[2017.05.17-18.47.36:666][307]LogContentBrowser: Native class hierarchy updated for 'MovieSceneCapture' in 0.0009 seconds. Added 11 classes and 0 folders.
[2017.05.17-18.47.36:667][307]PIE: Info Play in editor start time for /Game/ThirdPersonBP/Maps/UEDPIE_0_ThirdPersonExampleMap 0.794
[2017.05.17-18.47.36:667][307]LogBlueprintUserMessages: Late PlayInEditor Detection: Level '/Game/ThirdPersonBP/Maps/ThirdPersonExampleMap.ThirdPersonExampleMap:PersistentLevel' has LevelScriptBlueprint '/Game/ThirdPersonBP/Maps/ThirdPersonExampleMap.ThirdPersonExampleMap:PersistentLevel.ThirdPersonExampleMap' with GeneratedClass '/Game/ThirdPersonBP/Maps/ThirdPersonExampleMap.ThirdPersonExampleMap_C' with ClassGeneratedBy '/Game/ThirdPersonBP/Maps/ThirdPersonExampleMap.ThirdPersonExampleMap:PersistentLevel.ThirdPersonExampleMap'
[2017.05.17-18.47.38:692][425]LogBlueprintUserMessages: Early EndPlayMap Detection: Level '/Game/ThirdPersonBP/Maps/ThirdPersonExampleMap.ThirdPersonExampleMap:PersistentLevel' has LevelScriptBlueprint '/Game/ThirdPersonBP/Maps/ThirdPersonExampleMap.ThirdPersonExampleMap:PersistentLevel.ThirdPersonExampleMap' with GeneratedClass '/Game/ThirdPersonBP/Maps/ThirdPersonExampleMap.ThirdPersonExampleMap_C' with ClassGeneratedBy '/Game/ThirdPersonBP/Maps/ThirdPersonExampleMap.ThirdPersonExampleMap:PersistentLevel.ThirdPersonExampleMap'
[2017.05.17-18.47.38:730][425]LogBlueprintUserMessages: Late EndPlayMap Detection: Level '/Game/ThirdPersonBP/Maps/ThirdPersonExampleMap.ThirdPersonExampleMap:PersistentLevel' has LevelScriptBlueprint '/Game/ThirdPersonBP/Maps/ThirdPersonExampleMap.ThirdPersonExampleMap:PersistentLevel.ThirdPersonExampleMap' with GeneratedClass '/Game/ThirdPersonBP/Maps/ThirdPersonExampleMap.ThirdPersonExampleMap_C' with ClassGeneratedBy '/Game/ThirdPersonBP/Maps/ThirdPersonExampleMap.ThirdPersonExampleMap:PersistentLevel.ThirdPersonExampleMap'
[2017.05.17-18.47.43:841][716]LogEditorViewport: Clicking on Actor (LMB): ThirdPersonCharacter_C (ThirdPersonCharacter)
[2017.05.17-18.47.48:298][941]LogEditorViewport: Clicking on Actor (LMB): StaticMeshActor (Floor)
[2017.05.17-18.47.49:677][ 18]LogSlate: Took 0.000183 seconds to synchronously load lazily loaded font '../../../Engine/Content/Editor/Slate/Fonts/Roboto-Italic.ttf' (157K)
[2017.05.17-18.47.50:782][ 70]LogEditorViewport: Clicking on Actor (LMB): StaticMeshActor (Floor)
[2017.05.17-18.47.51:056][ 85]LogEditorViewport: Clicking on Actor (LMB): ThirdPersonCharacter_C (ThirdPersonCharacter)
[2017.05.17-18.47.53:140][132]LogSlate: Took 0.000196 seconds to synchronously load lazily loaded font '../../../Engine/Content/Slate/Fonts/Roboto-Light.ttf' (159K)
[2017.05.17-18.48.05:167][502]LogSlate: Took 0.000151 seconds to synchronously load lazily loaded font '../../../Engine/Content/Slate/Fonts/Roboto-Light.ttf' (159K)
[2017.05.17-18.48.09:533][697]LogTemp: Repeting last play command: Selected Viewport
[2017.05.17-18.48.09:544][697]LogBlueprintUserMessages: Early PlayInEditor Detection: Level '/Game/ThirdPersonBP/Maps/ThirdPersonExampleMap.ThirdPersonExampleMap:PersistentLevel' has LevelScriptBlueprint '/Game/ThirdPersonBP/Maps/ThirdPersonExampleMap.ThirdPersonExampleMap:PersistentLevel.ThirdPersonExampleMap' with GeneratedClass '/Game/ThirdPersonBP/Maps/ThirdPersonExampleMap.ThirdPersonExampleMap_C' with ClassGeneratedBy '/Game/ThirdPersonBP/Maps/ThirdPersonExampleMap.ThirdPersonExampleMap:PersistentLevel.ThirdPersonExampleMap'
[2017.05.17-18.48.09:544][697]LogPlayLevel: PlayLevel: No blueprints needed recompiling
[2017.05.17-18.48.09:544][697]PIE: New page: PIE session: ThirdPersonExampleMap (May 17, 2017, 8:48:09 PM)
[2017.05.17-18.48.09:544][697]LogPlayLevel: Creating play world package: /Game/ThirdPersonBP/Maps/UEDPIE_0_ThirdPersonExampleMap
[2017.05.17-18.48.09:573][697]LogPlayLevel: PIE: StaticDuplicateObject took: (0.028948s)
[2017.05.17-18.48.09:575][697]LogAIModule: Creating AISystem for world ThirdPersonExampleMap
[2017.05.17-18.48.09:576][697]LogPlayLevel: PIE: World Init took: (0.002497s)
[2017.05.17-18.48.09:576][697]LogPlayLevel: PIE: Created PIE world by copying editor world from /Game/ThirdPersonBP/Maps/ThirdPersonExampleMap.ThirdPersonExampleMap to /Game/ThirdPersonBP/Maps/UEDPIE_0_ThirdPersonExampleMap.ThirdPersonExampleMap (0.031855s)
[2017.05.17-18.48.09:648][697]LogInit: XAudio2 using 'Headphones (Realtek High Definition Audio)' : 2 channels at 48 kHz using 32 bits per sample (channel mask 0x3)
[2017.05.17-18.48.09:664][697]LogInit: FAudioDevice initialized.
[2017.05.17-18.48.09:699][697]LogLoad: Game class is 'ThirdPersonGameMode_C'
[2017.05.17-18.48.09:702][697]LogWorld: Bringing World /Game/ThirdPersonBP/Maps/UEDPIE_0_ThirdPersonExampleMap.ThirdPersonExampleMap up for play (max tick rate 60) at 2017.05.17-19.48.09
[2017.05.17-18.48.09:702][697]LogWorld: Bringing up level for play took: 0.002021
[2017.05.17-18.48.09:703][697]PIE: Info Play in editor start time for /Game/ThirdPersonBP/Maps/UEDPIE_0_ThirdPersonExampleMap -0.171
[2017.05.17-18.48.09:703][697]LogBlueprintUserMessages: Late PlayInEditor Detection: Level '/Game/ThirdPersonBP/Maps/ThirdPersonExampleMap.ThirdPersonExampleMap:PersistentLevel' has LevelScriptBlueprint '/Game/ThirdPersonBP/Maps/ThirdPersonExampleMap.ThirdPersonExampleMap:PersistentLevel.ThirdPersonExampleMap' with GeneratedClass '/Game/ThirdPersonBP/Maps/ThirdPersonExampleMap.ThirdPersonExampleMap_C' with ClassGeneratedBy '/Game/ThirdPersonBP/Maps/ThirdPersonExampleMap.ThirdPersonExampleMap:PersistentLevel.ThirdPersonExampleMap'
[2017.05.17-18.48.30:031][908]LogBlueprintUserMessages: Early EndPlayMap Detection: Level '/Game/ThirdPersonBP/Maps/ThirdPersonExampleMap.ThirdPersonExampleMap:PersistentLevel' has LevelScriptBlueprint '/Game/ThirdPersonBP/Maps/ThirdPersonExampleMap.ThirdPersonExampleMap:PersistentLevel.ThirdPersonExampleMap' with GeneratedClass '/Game/ThirdPersonBP/Maps/ThirdPersonExampleMap.ThirdPersonExampleMap_C' with ClassGeneratedBy '/Game/ThirdPersonBP/Maps/ThirdPersonExampleMap.ThirdPersonExampleMap:PersistentLevel.ThirdPersonExampleMap'
[2017.05.17-18.48.30:133][908]LogBlueprintUserMessages: Late EndPlayMap Detection: Level '/Game/ThirdPersonBP/Maps/ThirdPersonExampleMap.ThirdPersonExampleMap:PersistentLevel' has LevelScriptBlueprint '/Game/ThirdPersonBP/Maps/ThirdPersonExampleMap.ThirdPersonExampleMap:PersistentLevel.ThirdPersonExampleMap' with GeneratedClass '/Game/ThirdPersonBP/Maps/ThirdPersonExampleMap.ThirdPersonExampleMap_C' with ClassGeneratedBy '/Game/ThirdPersonBP/Maps/ThirdPersonExampleMap.ThirdPersonExampleMap:PersistentLevel.ThirdPersonExampleMap'
[2017.05.17-18.48.59:964][566]Cmd: SELECT NONE
[2017.05.17-18.49.01:691][658]LogEditorViewport: Clicking on Actor (LMB): ThirdPersonCharacter_C (ThirdPersonCharacter)
[2017.05.17-18.49.13:155][194]LogTemp: Repeting last play command: Selected Viewport
[2017.05.17-18.49.13:167][194]LogBlueprintUserMessages: Early PlayInEditor Detection: Level '/Game/ThirdPersonBP/Maps/ThirdPersonExampleMap.ThirdPersonExampleMap:PersistentLevel' has LevelScriptBlueprint '/Game/ThirdPersonBP/Maps/ThirdPersonExampleMap.ThirdPersonExampleMap:PersistentLevel.ThirdPersonExampleMap' with GeneratedClass '/Game/ThirdPersonBP/Maps/ThirdPersonExampleMap.ThirdPersonExampleMap_C' with ClassGeneratedBy '/Game/ThirdPersonBP/Maps/ThirdPersonExampleMap.ThirdPersonExampleMap:PersistentLevel.ThirdPersonExampleMap'
[2017.05.17-18.49.13:167][194]LogPlayLevel: PlayLevel: No blueprints needed recompiling
[2017.05.17-18.49.13:167][194]PIE: New page: PIE session: ThirdPersonExampleMap (May 17, 2017, 8:49:13 PM)
[2017.05.17-18.49.13:167][194]LogPlayLevel: Creating play world package: /Game/ThirdPersonBP/Maps/UEDPIE_0_ThirdPersonExampleMap
[2017.05.17-18.49.13:193][194]LogPlayLevel: PIE: StaticDuplicateObject took: (0.026311s)
[2017.05.17-18.49.13:194][194]LogAIModule: Creating AISystem for world ThirdPersonExampleMap
[2017.05.17-18.49.13:194][194]LogPlayLevel: PIE: World Init took: (0.000985s)
[2017.05.17-18.49.13:194][194]LogPlayLevel: PIE: Created PIE world by copying editor world from /Game/ThirdPersonBP/Maps/ThirdPersonExampleMap.ThirdPersonExampleMap to /Game/ThirdPersonBP/Maps/UEDPIE_0_ThirdPersonExampleMap.ThirdPersonExampleMap (0.027578s)
[2017.05.17-18.49.13:252][194]LogInit: XAudio2 using 'Headphones (Realtek High Definition Audio)' : 2 channels at 48 kHz using 32 bits per sample (channel mask 0x3)
[2017.05.17-18.49.13:267][194]LogInit: FAudioDevice initialized.
[2017.05.17-18.49.13:297][194]LogLoad: Game class is 'ThirdPersonGameMode_C'
[2017.05.17-18.49.13:299][194]LogWorld: Bringing World /Game/ThirdPersonBP/Maps/UEDPIE_0_ThirdPersonExampleMap.ThirdPersonExampleMap up for play (max tick rate 60) at 2017.05.17-19.49.13
[2017.05.17-18.49.13:299][194]LogWorld: Bringing up level for play took: 0.001910
[2017.05.17-18.49.13:300][194]PIE: Info Play in editor start time for /Game/ThirdPersonBP/Maps/UEDPIE_0_ThirdPersonExampleMap -0.573
[2017.05.17-18.49.13:301][194]LogBlueprintUserMessages: Late PlayInEditor Detection: Level '/Game/ThirdPersonBP/Maps/ThirdPersonExampleMap.ThirdPersonExampleMap:PersistentLevel' has LevelScriptBlueprint '/Game/ThirdPersonBP/Maps/ThirdPersonExampleMap.ThirdPersonExampleMap:PersistentLevel.ThirdPersonExampleMap' with GeneratedClass '/Game/ThirdPersonBP/Maps/ThirdPersonExampleMap.ThirdPersonExampleMap_C' with ClassGeneratedBy '/Game/ThirdPersonBP/Maps/ThirdPersonExampleMap.ThirdPersonExampleMap:PersistentLevel.ThirdPersonExampleMap'
[2017.05.17-18.49.15:291][311]LogBlueprintUserMessages: Early EndPlayMap Detection: Level '/Game/ThirdPersonBP/Maps/ThirdPersonExampleMap.ThirdPersonExampleMap:PersistentLevel' has LevelScriptBlueprint '/Game/ThirdPersonBP/Maps/ThirdPersonExampleMap.ThirdPersonExampleMap:PersistentLevel.ThirdPersonExampleMap' with GeneratedClass '/Game/ThirdPersonBP/Maps/ThirdPersonExampleMap.ThirdPersonExampleMap_C' with ClassGeneratedBy '/Game/ThirdPersonBP/Maps/ThirdPersonExampleMap.ThirdPersonExampleMap:PersistentLevel.ThirdPersonExampleMap'
[2017.05.17-18.49.15:396][311]LogBlueprintUserMessages: Late EndPlayMap Detection: Level '/Game/ThirdPersonBP/Maps/ThirdPersonExampleMap.ThirdPersonExampleMap:PersistentLevel' has LevelScriptBlueprint '/Game/ThirdPersonBP/Maps/ThirdPersonExampleMap.ThirdPersonExampleMap:PersistentLevel.ThirdPersonExampleMap' with GeneratedClass '/Game/ThirdPersonBP/Maps/ThirdPersonExampleMap.ThirdPersonExampleMap_C' with ClassGeneratedBy '/Game/ThirdPersonBP/Maps/ThirdPersonExampleMap.ThirdPersonExampleMap:PersistentLevel.ThirdPersonExampleMap'
[2017.05.17-18.49.26:572][857]LogTemp: Repeting last play command: Selected Viewport
[2017.05.17-18.49.26:585][857]LogBlueprintUserMessages: Early PlayInEditor Detection: Level '/Game/ThirdPersonBP/Maps/ThirdPersonExampleMap.ThirdPersonExampleMap:PersistentLevel' has LevelScriptBlueprint '/Game/ThirdPersonBP/Maps/ThirdPersonExampleMap.ThirdPersonExampleMap:PersistentLevel.ThirdPersonExampleMap' with GeneratedClass '/Game/ThirdPersonBP/Maps/ThirdPersonExampleMap.ThirdPersonExampleMap_C' with ClassGeneratedBy '/Game/ThirdPersonBP/Maps/ThirdPersonExampleMap.ThirdPersonExampleMap:PersistentLevel.ThirdPersonExampleMap'
[2017.05.17-18.49.26:585][857]LogPlayLevel: PlayLevel: No blueprints needed recompiling
[2017.05.17-18.49.26:585][857]PIE: New page: PIE session: ThirdPersonExampleMap (May 17, 2017, 8:49:26 PM)
[2017.05.17-18.49.26:585][857]LogPlayLevel: Creating play world package: /Game/ThirdPersonBP/Maps/UEDPIE_0_ThirdPersonExampleMap
[2017.05.17-18.49.26:610][857]LogPlayLevel: PIE: StaticDuplicateObject took: (0.024830s)
[2017.05.17-18.49.26:611][857]LogAIModule: Creating AISystem for world ThirdPersonExampleMap
[2017.05.17-18.49.26:611][857]LogPlayLevel: PIE: World Init took: (0.001067s)
[2017.05.17-18.49.26:611][857]LogPlayLevel: PIE: Created PIE world by copying editor world from /Game/ThirdPersonBP/Maps/ThirdPersonExampleMap.ThirdPersonExampleMap to /Game/ThirdPersonBP/Maps/UEDPIE_0_ThirdPersonExampleMap.ThirdPersonExampleMap (0.026242s)
[2017.05.17-18.49.26:669][857]LogInit: XAudio2 using 'Headphones (Realtek High Definition Audio)' : 2 channels at 48 kHz using 32 bits per sample (channel mask 0x3)
[2017.05.17-18.49.26:680][857]LogInit: FAudioDevice initialized.
[2017.05.17-18.49.26:713][857]LogLoad: Game class is 'ThirdPersonGameMode_C'
[2017.05.17-18.49.26:715][857]LogWorld: Bringing World /Game/ThirdPersonBP/Maps/UEDPIE_0_ThirdPersonExampleMap.ThirdPersonExampleMap up for play (max tick rate 60) at 2017.05.17-19.49.26
[2017.05.17-18.49.26:716][857]LogWorld: Bringing up level for play took: 0.002542
[2017.05.17-18.49.26:717][857]PIE: Info Play in editor start time for /Game/ThirdPersonBP/Maps/UEDPIE_0_ThirdPersonExampleMap 0.843
[2017.05.17-18.49.26:717][857]LogBlueprintUserMessages: Late PlayInEditor Detection: Level '/Game/ThirdPersonBP/Maps/ThirdPersonExampleMap.ThirdPersonExampleMap:PersistentLevel' has LevelScriptBlueprint '/Game/ThirdPersonBP/Maps/ThirdPersonExampleMap.ThirdPersonExampleMap:PersistentLevel.ThirdPersonExampleMap' with GeneratedClass '/Game/ThirdPersonBP/Maps/ThirdPersonExampleMap.ThirdPersonExampleMap_C' with ClassGeneratedBy '/Game/ThirdPersonBP/Maps/ThirdPersonExampleMap.ThirdPersonExampleMap:PersistentLevel.ThirdPersonExampleMap'
[2017.05.17-18.49.27:795][919]LogBlueprintUserMessages: Early EndPlayMap Detection: Level '/Game/ThirdPersonBP/Maps/ThirdPersonExampleMap.ThirdPersonExampleMap:PersistentLevel' has LevelScriptBlueprint '/Game/ThirdPersonBP/Maps/ThirdPersonExampleMap.ThirdPersonExampleMap:PersistentLevel.ThirdPersonExampleMap' with GeneratedClass '/Game/ThirdPersonBP/Maps/ThirdPersonExampleMap.ThirdPersonExampleMap_C' with ClassGeneratedBy '/Game/ThirdPersonBP/Maps/ThirdPersonExampleMap.ThirdPersonExampleMap:PersistentLevel.ThirdPersonExampleMap'
[2017.05.17-18.49.27:900][919]LogBlueprintUserMessages: Late EndPlayMap Detection: Level '/Game/ThirdPersonBP/Maps/ThirdPersonExampleMap.ThirdPersonExampleMap:PersistentLevel' has LevelScriptBlueprint '/Game/ThirdPersonBP/Maps/ThirdPersonExampleMap.ThirdPersonExampleMap:PersistentLevel.ThirdPersonExampleMap' with GeneratedClass '/Game/ThirdPersonBP/Maps/ThirdPersonExampleMap.ThirdPersonExampleMap_C' with ClassGeneratedBy '/Game/ThirdPersonBP/Maps/ThirdPersonExampleMap.ThirdPersonExampleMap:PersistentLevel.ThirdPersonExampleMap'
[2017.05.17-18.50.37:955][135]LogTemp: Repeting last play command: Selected Viewport
[2017.05.17-18.50.37:964][135]LogBlueprintUserMessages: Early PlayInEditor Detection: Level '/Game/ThirdPersonBP/Maps/ThirdPersonExampleMap.ThirdPersonExampleMap:PersistentLevel' has LevelScriptBlueprint '/Game/ThirdPersonBP/Maps/ThirdPersonExampleMap.ThirdPersonExampleMap:PersistentLevel.ThirdPersonExampleMap' with GeneratedClass '/Game/ThirdPersonBP/Maps/ThirdPersonExampleMap.ThirdPersonExampleMap_C' with ClassGeneratedBy '/Game/ThirdPersonBP/Maps/ThirdPersonExampleMap.ThirdPersonExampleMap:PersistentLevel.ThirdPersonExampleMap'
[2017.05.17-18.50.37:964][135]LogPlayLevel: PlayLevel: No blueprints needed recompiling
[2017.05.17-18.50.37:965][135]PIE: New page: PIE session: ThirdPersonExampleMap (May 17, 2017, 8:50:37 PM)
[2017.05.17-18.50.37:965][135]LogPlayLevel: Creating play world package: /Game/ThirdPersonBP/Maps/UEDPIE_0_ThirdPersonExampleMap
[2017.05.17-18.50.37:991][135]LogPlayLevel: PIE: StaticDuplicateObject took: (0.025833s)
[2017.05.17-18.50.37:992][135]LogAIModule: Creating AISystem for world ThirdPersonExampleMap
[2017.05.17-18.50.37:992][135]LogPlayLevel: PIE: World Init took: (0.001563s)
[2017.05.17-18.50.37:993][135]LogPlayLevel: PIE: Created PIE world by copying editor world from /Game/ThirdPersonBP/Maps/ThirdPersonExampleMap.ThirdPersonExampleMap to /Game/ThirdPersonBP/Maps/UEDPIE_0_ThirdPersonExampleMap.ThirdPersonExampleMap (0.027876s)
[2017.05.17-18.50.38:049][135]LogInit: XAudio2 using 'Headphones (Realtek High Definition Audio)' : 2 channels at 48 kHz using 32 bits per sample (channel mask 0x3)
[2017.05.17-18.50.38:060][135]LogInit: FAudioDevice initialized.
[2017.05.17-18.50.38:097][135]LogLoad: Game class is 'ThirdPersonGameMode_C'
[2017.05.17-18.50.38:099][135]LogWorld: Bringing World /Game/ThirdPersonBP/Maps/UEDPIE_0_ThirdPersonExampleMap.ThirdPersonExampleMap up for play (max tick rate 60) at 2017.05.17-19.50.38
[2017.05.17-18.50.38:099][135]LogWorld: Bringing up level for play took: 0.001898
[2017.05.17-18.50.38:100][135]PIE: Info Play in editor start time for /Game/ThirdPersonBP/Maps/UEDPIE_0_ThirdPersonExampleMap 0.227
[2017.05.17-18.50.38:100][135]LogBlueprintUserMessages: Late PlayInEditor Detection: Level '/Game/ThirdPersonBP/Maps/ThirdPersonExampleMap.ThirdPersonExampleMap:PersistentLevel' has LevelScriptBlueprint '/Game/ThirdPersonBP/Maps/ThirdPersonExampleMap.ThirdPersonExampleMap:PersistentLevel.ThirdPersonExampleMap' with GeneratedClass '/Game/ThirdPersonBP/Maps/ThirdPersonExampleMap.ThirdPersonExampleMap_C' with ClassGeneratedBy '/Game/ThirdPersonBP/Maps/ThirdPersonExampleMap.ThirdPersonExampleMap:PersistentLevel.ThirdPersonExampleMap'
[2017.05.17-18.50.39:363][208]LogBlueprintUserMessages: Early EndPlayMap Detection: Level '/Game/ThirdPersonBP/Maps/ThirdPersonExampleMap.ThirdPersonExampleMap:PersistentLevel' has LevelScriptBlueprint '/Game/ThirdPersonBP/Maps/ThirdPersonExampleMap.ThirdPersonExampleMap:PersistentLevel.ThirdPersonExampleMap' with GeneratedClass '/Game/ThirdPersonBP/Maps/ThirdPersonExampleMap.ThirdPersonExampleMap_C' with ClassGeneratedBy '/Game/ThirdPersonBP/Maps/ThirdPersonExampleMap.ThirdPersonExampleMap:PersistentLevel.ThirdPersonExampleMap'
[2017.05.17-18.50.39:467][208]LogBlueprintUserMessages: Late EndPlayMap Detection: Level '/Game/ThirdPersonBP/Maps/ThirdPersonExampleMap.ThirdPersonExampleMap:PersistentLevel' has LevelScriptBlueprint '/Game/ThirdPersonBP/Maps/ThirdPersonExampleMap.ThirdPersonExampleMap:PersistentLevel.ThirdPersonExampleMap' with GeneratedClass '/Game/ThirdPersonBP/Maps/ThirdPersonExampleMap.ThirdPersonExampleMap_C' with ClassGeneratedBy '/Game/ThirdPersonBP/Maps/ThirdPersonExampleMap.ThirdPersonExampleMap:PersistentLevel.ThirdPersonExampleMap'
[2017.05.17-18.51.13:986][ 12]LogTemp: Repeting last play command: Selected Viewport
[2017.05.17-18.51.13:995][ 12]LogBlueprintUserMessages: Early PlayInEditor Detection: Level '/Game/ThirdPersonBP/Maps/ThirdPersonExampleMap.ThirdPersonExampleMap:PersistentLevel' has LevelScriptBlueprint '/Game/ThirdPersonBP/Maps/ThirdPersonExampleMap.ThirdPersonExampleMap:PersistentLevel.ThirdPersonExampleMap' with GeneratedClass '/Game/ThirdPersonBP/Maps/ThirdPersonExampleMap.ThirdPersonExampleMap_C' with ClassGeneratedBy '/Game/ThirdPersonBP/Maps/ThirdPersonExampleMap.ThirdPersonExampleMap:PersistentLevel.ThirdPersonExampleMap'
[2017.05.17-18.51.13:995][ 12]LogPlayLevel: PlayLevel: No blueprints needed recompiling
[2017.05.17-18.51.13:995][ 12]PIE: New page: PIE session: ThirdPersonExampleMap (May 17, 2017, 8:51:13 PM)
[2017.05.17-18.51.13:995][ 12]LogPlayLevel: Creating play world package: /Game/ThirdPersonBP/Maps/UEDPIE_0_ThirdPersonExampleMap
[2017.05.17-18.51.14:016][ 12]LogPlayLevel: PIE: StaticDuplicateObject took: (0.021445s)
[2017.05.17-18.51.14:018][ 12]LogAIModule: Creating AISystem for world ThirdPersonExampleMap
[2017.05.17-18.51.14:019][ 12]LogPlayLevel: PIE: World Init took: (0.001145s)
[2017.05.17-18.51.14:019][ 12]LogPlayLevel: PIE: Created PIE world by copying editor world from /Game/ThirdPersonBP/Maps/ThirdPersonExampleMap.ThirdPersonExampleMap to /Game/ThirdPersonBP/Maps/UEDPIE_0_ThirdPersonExampleMap.ThirdPersonExampleMap (0.023940s)
[2017.05.17-18.51.14:082][ 12]LogInit: XAudio2 using 'Headphones (Realtek High Definition Audio)' : 2 channels at 48 kHz using 32 bits per sample (channel mask 0x3)
[2017.05.17-18.51.14:093][ 12]LogInit: FAudioDevice initialized.
[2017.05.17-18.51.14:124][ 12]LogLoad: Game class is 'ThirdPersonGameMode_C'
[2017.05.17-18.51.14:126][ 12]LogWorld: Bringing World /Game/ThirdPersonBP/Maps/UEDPIE_0_ThirdPersonExampleMap.ThirdPersonExampleMap up for play (max tick rate 60) at 2017.05.17-19.51.14
[2017.05.17-18.51.14:126][ 12]LogWorld: Bringing up level for play took: 0.001998
[2017.05.17-18.51.14:127][ 12]PIE: Info Play in editor start time for /Game/ThirdPersonBP/Maps/UEDPIE_0_ThirdPersonExampleMap 0.254
[2017.05.17-18.51.14:128][ 12]LogBlueprintUserMessages: Late PlayInEditor Detection: Level '/Game/ThirdPersonBP/Maps/ThirdPersonExampleMap.ThirdPersonExampleMap:PersistentLevel' has LevelScriptBlueprint '/Game/ThirdPersonBP/Maps/ThirdPersonExampleMap.ThirdPersonExampleMap:PersistentLevel.ThirdPersonExampleMap' with GeneratedClass '/Game/ThirdPersonBP/Maps/ThirdPersonExampleMap.ThirdPersonExampleMap_C' with ClassGeneratedBy '/Game/ThirdPersonBP/Maps/ThirdPersonExampleMap.ThirdPersonExampleMap:PersistentLevel.ThirdPersonExampleMap'
[2017.05.17-18.51.15:838][111]LogBlueprintUserMessages: Early EndPlayMap Detection: Level '/Game/ThirdPersonBP/Maps/ThirdPersonExampleMap.ThirdPersonExampleMap:PersistentLevel' has LevelScriptBlueprint '/Game/ThirdPersonBP/Maps/ThirdPersonExampleMap.ThirdPersonExampleMap:PersistentLevel.ThirdPersonExampleMap' with GeneratedClass '/Game/ThirdPersonBP/Maps/ThirdPersonExampleMap.ThirdPersonExampleMap_C' with ClassGeneratedBy '/Game/ThirdPersonBP/Maps/ThirdPersonExampleMap.ThirdPersonExampleMap:PersistentLevel.ThirdPersonExampleMap'
[2017.05.17-18.51.15:946][111]LogBlueprintUserMessages: Late EndPlayMap Detection: Level '/Game/ThirdPersonBP/Maps/ThirdPersonExampleMap.ThirdPersonExampleMap:PersistentLevel' has LevelScriptBlueprint '/Game/ThirdPersonBP/Maps/ThirdPersonExampleMap.ThirdPersonExampleMap:PersistentLevel.ThirdPersonExampleMap' with GeneratedClass '/Game/ThirdPersonBP/Maps/ThirdPersonExampleMap.ThirdPersonExampleMap_C' with ClassGeneratedBy '/Game/ThirdPersonBP/Maps/ThirdPersonExampleMap.ThirdPersonExampleMap:PersistentLevel.ThirdPersonExampleMap'
[2017.05.17-18.51.18:812][192]LogSavePackage: Save=123.75ms
[2017.05.17-18.51.18:812][192]LogSavePackage: Moving '../../../../../../Users/Francisco Colaço/Documents/Unreal Projects/BoM_1Nehpi/Saved/ThirdPersonExampleMap825C9A004289701D04A1B398D09448E6.tmp' to '../../../../../../Users/Francisco Colaço/Documents/Unreal Projects/BoM_1Nehpi/Content/ThirdPersonBP/Maps/ThirdPersonExampleMap.umap'
[2017.05.17-18.51.18:816][192]LogSavePackage:Display: Finished SavePackage ../../../../../../Users/Francisco Colaço/Documents/Unreal Projects/BoM_1Nehpi/Content/ThirdPersonBP/Maps/ThirdPersonExampleMap.umap
[2017.05.17-18.51.18:848][192]LogFileHelpers: Saving map 'ThirdPersonExampleMap' took 0.248
[2017.05.17-18.51.22:502][387]LogWindowsTextInputMethodSystem:Display: IME system now deactivated.
[2017.05.17-18.51.22:743][388]Cmd: QUIT_EDITOR
[2017.05.17-18.51.23:369][388]LogExit: Preparing to exit.
[2017.05.17-18.51.24:491][388]LogDirectoryWatcher: A directory notification for 'C:/Users/Francisco Colaço/Documents/Unreal Projects/BoM_1Nehpi/Content/' was aborted.
[2017.05.17-18.51.24:584][388]LogExit: Editor shut down
[2017.05.17-18.51.24:585][388]LogExit: Transaction tracking system shut down
[2017.05.17-18.51.24:664][388]LogObj: Freed 0b from 0 cluster array pools.
[2017.05.17-18.51.24:664][388]LogExit: Object subsystem successfully closed.
[2017.05.17-18.51.24:678][388]LogD3D11RHI: Shutdown
[2017.05.17-18.51.24:678][388]LogD3D11RHI: CleanupD3DDevice
[2017.05.17-18.51.24:814][388]LogD3D11RHI: ~FD3D11DynamicRHI
[2017.05.17-18.51.24:832][388]LogModuleManager: Shutting down and abandoning module MovieSceneCapture (500)
[2017.05.17-18.51.24:832][388]LogModuleManager: Shutting down and abandoning module HierarchicalLODOutliner (498)
[2017.05.17-18.51.24:832][388]LogModuleManager: Shutting down and abandoning module CrashTracker (496)
[2017.05.17-18.51.24:832][388]LogModuleManager: Shutting down and abandoning module SceneOutliner (494)
[2017.05.17-18.51.24:832][388]LogModuleManager: Shutting down and abandoning module AddContentDialog (492)
[2017.05.17-18.51.24:832][388]LogDirectoryWatcher: A directory notification for 'C:/Program Files/Epic Games/UE_4.15/FeaturePacks/' was aborted.
[2017.05.17-18.51.24:833][388]LogModuleManager: Shutting down and abandoning module WidgetCarousel (491)
[2017.05.17-18.51.24:834][388]LogModuleManager: Shutting down and abandoning module EditorWidgets (488)
[2017.05.17-18.51.24:834][388]LogModuleManager: Shutting down and abandoning module CollectionManager (486)
[2017.05.17-18.51.24:834][388]LogDirectoryWatcher: A directory notification for 'C:/Users/Francisco Colaço/Documents/Unreal Projects/BoM_1Nehpi/Content/Collections/' was aborted.
[2017.05.17-18.51.24:834][388]LogDirectoryWatcher: A directory notification for 'C:/Users/Francisco Colaço/Documents/Unreal Projects/BoM_1Nehpi/Content/Developers/FranciscoColaço/Collections/' was aborted.
[2017.05.17-18.51.24:834][388]LogDirectoryWatcher: A directory notification for 'C:/Users/Francisco Colaço/Documents/Unreal Projects/BoM_1Nehpi/Saved/Collections/' was aborted.
[2017.05.17-18.51.24:834][388]LogModuleManager: Shutting down and abandoning module StatsViewer (484)
[2017.05.17-18.51.24:834][388]LogModuleManager: Shutting down and abandoning module FoliageEdit (482)
[2017.05.17-18.51.24:834][388]LogModuleManager: Shutting down and abandoning module LandscapeEditor (480)
[2017.05.17-18.51.24:834][388]LogModuleManager: Shutting down and abandoning module SceneDepthPickerMode (478)
[2017.05.17-18.51.24:834][388]LogModuleManager: Shutting down and abandoning module ActorPickerMode (476)
[2017.05.17-18.51.24:834][388]LogModuleManager: Shutting down and abandoning module GeometryMode (474)
[2017.05.17-18.51.24:834][388]LogModuleManager: Shutting down and abandoning module TextureAlignMode (472)
[2017.05.17-18.51.24:834][388]LogModuleManager: Shutting down and abandoning module BspMode (470)
[2017.05.17-18.51.24:834][388]LogModuleManager: Shutting down and abandoning module HardwareSurvey (468)
[2017.05.17-18.51.24:834][388]LogModuleManager: Shutting down and abandoning module SequenceRecorderSections (466)
[2017.05.17-18.51.24:834][388]LogModuleManager: Shutting down and abandoning module AutomationWorker (464)
[2017.05.17-18.51.24:834][388]LogModuleManager: Shutting down and abandoning module MatineeToLevelSequence (462)
[2017.05.17-18.51.24:834][388]LogModuleManager: Shutting down and abandoning module LevelSequenceEditor (460)
[2017.05.17-18.51.24:834][388]LogModuleManager: Shutting down and abandoning module PlacementMode (459)
[2017.05.17-18.51.24:835][388]LogModuleManager: Shutting down and abandoning module WmfMediaFactory (456)
[2017.05.17-18.51.24:835][388]LogModuleManager: Shutting down and abandoning module WmfMediaEditor (454)
[2017.05.17-18.51.24:835][388]LogModuleManager: Shutting down and abandoning module MfMediaFactory (452)
[2017.05.17-18.51.24:835][388]LogModuleManager: Shutting down and abandoning module MfMediaEditor (450)
[2017.05.17-18.51.24:835][388]LogModuleManager: Shutting down and abandoning module AvfMediaFactory (448)
[2017.05.17-18.51.24:835][388]LogModuleManager: Shutting down and abandoning module AvfMediaEditor (446)
[2017.05.17-18.51.24:835][388]LogModuleManager: Shutting down and abandoning module AndroidMediaFactory (444)
[2017.05.17-18.51.24:835][388]LogModuleManager: Shutting down and abandoning module Media (443)
[2017.05.17-18.51.24:835][388]LogModuleManager: Shutting down and abandoning module AndroidMediaEditor (440)
[2017.05.17-18.51.24:835][388]LogModuleManager: Shutting down and abandoning module CharacterAI (438)
[2017.05.17-18.51.24:835][388]LogModuleManager: Shutting down and abandoning module AudioCapture (436)
[2017.05.17-18.51.24:835][388]LogModuleManager: Shutting down and abandoning module SequenceRecorder (435)
[2017.05.17-18.51.24:835][388]LogModuleManager: Shutting down and abandoning module SmartSnapping (432)
[2017.05.17-18.51.24:835][388]LogModuleManager: Shutting down and abandoning module SessionServices (430)
[2017.05.17-18.51.24:835][388]LogModuleManager: Shutting down and abandoning module ViewportSnapping (428)
[2017.05.17-18.51.24:835][388]LogModuleManager: Shutting down and abandoning module ViewportInteraction (426)
[2017.05.17-18.51.24:835][388]LogModuleManager: Shutting down and abandoning module LogVisualizer (424)
[2017.05.17-18.51.24:835][388]LogModuleManager: Shutting down and abandoning module IntroTutorials (422)
[2017.05.17-18.51.24:835][388]LogModuleManager: Shutting down and abandoning module GameProjectGeneration (421)
[2017.05.17-18.51.24:835][388]LogModuleManager: Shutting down and abandoning module EditorLiveStreaming (418)
[2017.05.17-18.51.24:835][388]LogModuleManager: Shutting down and abandoning module IOSPlatformEditor (416)
[2017.05.17-18.51.24:835][388]LogModuleManager: Shutting down and abandoning module HTML5PlatformEditor (414)
[2017.05.17-18.51.24:835][388]LogModuleManager: Shutting down and abandoning module AndroidPlatformEditor (412)
[2017.05.17-18.51.24:835][388]LogModuleManager: Shutting down and abandoning module AndroidDeviceDetection (411)
[2017.05.17-18.51.25:789][388]LogModuleManager: Shutting down and abandoning module IOSRuntimeSettings (408)
[2017.05.17-18.51.25:789][388]LogModuleManager: Shutting down and abandoning module AndroidRuntimeSettings (406)
[2017.05.17-18.51.25:789][388]LogModuleManager: Shutting down and abandoning module InputBindingEditor (404)
[2017.05.17-18.51.25:789][388]LogModuleManager: Shutting down and abandoning module NiagaraEditor (402)
[2017.05.17-18.51.25:789][388]LogModuleManager: Shutting down and abandoning module MergeActors (400)
[2017.05.17-18.51.25:789][388]LogModuleManager: Shutting down and abandoning module SizeMap (398)
[2017.05.17-18.51.25:789][388]LogModuleManager: Shutting down and abandoning module TreeMap (396)
[2017.05.17-18.51.25:789][388]LogModuleManager: Shutting down and abandoning module ReferenceViewer (394)
[2017.05.17-18.51.25:789][388]LogModuleManager: Shutting down and abandoning module LocalizationDashboard (392)
[2017.05.17-18.51.25:789][388]LogModuleManager: Shutting down and abandoning module LocalizationService (391)
[2017.05.17-18.51.25:789][388]LogModuleManager: Shutting down and abandoning module HardwareTargeting (388)
[2017.05.17-18.51.25:789][388]LogModuleManager: Shutting down and abandoning module DeviceProfileEditor (386)
[2017.05.17-18.51.25:789][388]LogModuleManager: Shutting down and abandoning module UndoHistory (384)
[2017.05.17-18.51.25:789][388]LogModuleManager: Shutting down and abandoning module UserFeedback (382)
[2017.05.17-18.51.25:789][388]LogModuleManager: Shutting down and abandoning module XmlParser (380)
[2017.05.17-18.51.25:789][388]LogModuleManager: Shutting down and abandoning module Blutility (378)
[2017.05.17-18.51.25:789][388]LogModuleManager: Shutting down and abandoning module ProjectSettingsViewer (376)
[2017.05.17-18.51.25:789][388]LogModuleManager: Shutting down and abandoning module ProjectTargetPlatformEditor (375)
[2017.05.17-18.51.25:790][388]LogModuleManager: Shutting down and abandoning module EditorSettingsViewer (372)
[2017.05.17-18.51.25:790][388]LogModuleManager: Shutting down and abandoning module SettingsEditor (370)
[2017.05.17-18.51.25:790][388]LogModuleManager: Shutting down and abandoning module ProjectLauncher (368)
[2017.05.17-18.51.25:790][388]LogModuleManager: Shutting down and abandoning module SessionFrontend (366)
[2017.05.17-18.51.25:790][388]LogModuleManager: Shutting down and abandoning module ProfilerClient (364)
[2017.05.17-18.51.25:790][388]LogModuleManager: Shutting down and abandoning module DeviceManager (362)
[2017.05.17-18.51.25:790][388]LogModuleManager: Shutting down and abandoning module TargetDeviceServices (361)
[2017.05.17-18.51.25:842][388]LogModuleManager: Shutting down and abandoning module AutomationController (358)
[2017.05.17-18.51.25:842][388]LogModuleManager: Shutting down and abandoning module AutomationWindow (356)
[2017.05.17-18.51.25:842][388]LogModuleManager: Shutting down and abandoning module Layers (354)
[2017.05.17-18.51.25:842][388]LogModuleManager: Shutting down and abandoning module ComponentVisualizers (352)
[2017.05.17-18.51.25:842][388]LogModuleManager: Shutting down and abandoning module DetailCustomizations (350)
[2017.05.17-18.51.25:842][388]LogModuleManager: Shutting down and abandoning module PackagesDialog (348)
[2017.05.17-18.51.25:842][388]LogModuleManager: Shutting down and abandoning module Persona (346)
[2017.05.17-18.51.25:842][388]LogModuleManager: Shutting down and abandoning module AnimGraph (345)
[2017.05.17-18.51.25:842][388]LogModuleManager: Shutting down and abandoning module Kismet (342)
[2017.05.17-18.51.25:843][388]LogModuleManager: Shutting down and abandoning module GraphEditor (340)
[2017.05.17-18.51.25:843][388]LogModuleManager: Shutting down and abandoning module ClassViewer (338)
[2017.05.17-18.51.25:844][388]LogModuleManager: Shutting down and abandoning module Toolbox (336)
[2017.05.17-18.51.25:844][388]LogModuleManager: Shutting down and abandoning module ModuleUI (334)
[2017.05.17-18.51.25:844][388]LogModuleManager: Shutting down and abandoning module MovieSceneTools (332)
[2017.05.17-18.51.25:844][388]LogModuleManager: Shutting down and abandoning module OutputLog (330)
[2017.05.17-18.51.25:844][388]LogModuleManager: Shutting down and abandoning module GammaUI (328)
[2017.05.17-18.51.25:844][388]LogModuleManager: Shutting down and abandoning module Documentation (326)
[2017.05.17-18.51.25:844][388]LogModuleManager: Shutting down and abandoning module Niagara (324)
[2017.05.17-18.51.25:844][388]LogModuleManager: Shutting down and abandoning module StreamingPauseRendering (322)
[2017.05.17-18.51.25:844][388]LogModuleManager: Shutting down and abandoning module AnalyticsET (320)
[2017.05.17-18.51.25:844][388]LogModuleManager: Shutting down and abandoning module PortalServices (318)
[2017.05.17-18.51.25:844][388]LogModuleManager: Shutting down and abandoning module PortalRpc (316)
[2017.05.17-18.51.25:844][388]LogModuleManager: Shutting down and abandoning module MessagingRpc (314)
[2017.05.17-18.51.25:844][388]LogModuleManager: Shutting down and abandoning module AIModule (312)
[2017.05.17-18.51.25:844][388]LogModuleManager: Shutting down and abandoning module GameplayDebugger (311)
[2017.05.17-18.51.25:844][388]LogModuleManager: Shutting down and abandoning module AITestSuite (309)
[2017.05.17-18.51.25:844][388]LogModuleManager: Shutting down and abandoning module ProfilerService (306)
[2017.05.17-18.51.25:982][388]LogModuleManager: Shutting down and abandoning module TaskGraph (304)
[2017.05.17-18.51.25:982][388]LogModuleManager: Shutting down and abandoning module SteamVRController (302)
[2017.05.17-18.51.25:982][388]LogModuleManager: Shutting down and abandoning module SteamVR (300)
[2017.05.17-18.51.25:982][388]LogModuleManager: Shutting down and abandoning module ProceduralMeshComponentEditor (298)
[2017.05.17-18.51.25:982][388]LogModuleManager: Shutting down and abandoning module ProceduralMeshComponent (296)
[2017.05.17-18.51.25:982][388]LogModuleManager: Shutting down and abandoning module OculusLibrary (294)
[2017.05.17-18.51.25:982][388]LogModuleManager: Shutting down and abandoning module OculusInput (292)
[2017.05.17-18.51.25:982][388]LogModuleManager: Shutting down and abandoning module MobilePatchingUtils (290)
[2017.05.17-18.51.25:982][388]LogModuleManager: Shutting down and abandoning module CustomMeshComponent (288)
[2017.05.17-18.51.25:982][388]LogModuleManager: Shutting down and abandoning module CableComponent (286)
[2017.05.17-18.51.25:982][388]LogModuleManager: Shutting down and abandoning module ArchVisCharacter (284)
[2017.05.17-18.51.25:982][388]LogModuleManager: Shutting down and abandoning module MediaPlayerEditor (280)
[2017.05.17-18.51.25:982][388]LogModuleManager: Shutting down and abandoning module HTML5Networking (278)
[2017.05.17-18.51.25:982][388]LogModuleManager: Shutting down and abandoning module AlembicImporter (276)
[2017.05.17-18.51.25:982][388]LogModuleManager: Shutting down and abandoning module AlembicLibrary (275)
[2017.05.17-18.51.25:982][388]LogModuleManager: Shutting down and abandoning module GeometryCache (274)
[2017.05.17-18.51.25:983][388]LogModuleManager: Shutting down and abandoning module GeometryCacheEd (273)
[2017.05.17-18.51.25:983][388]LogModuleManager: Shutting down and abandoning module SuperSearchEditor (268)
[2017.05.17-18.51.25:983][388]LogModuleManager: Shutting down and abandoning module SuperSearch (267)
[2017.05.17-18.51.25:983][388]LogModuleManager: Shutting down and abandoning module SpeedTreeImporter (264)
[2017.05.17-18.51.25:983][388]LogModuleManager: Shutting down and abandoning module PluginBrowser (262)
[2017.05.17-18.51.25:983][388]LogModuleManager: Shutting down and abandoning module MobileLauncherProfileWizard (260)
[2017.05.17-18.51.25:983][388]LogModuleManager: Shutting down and abandoning module EpicSurvey (258)
[2017.05.17-18.51.25:983][388]LogModuleManager: Shutting down and abandoning module VisualStudioSourceCodeAccess (256)
[2017.05.17-18.51.25:983][388]LogModuleManager: Shutting down and abandoning module DesktopPlatform (255)
[2017.05.17-18.51.25:983][388]LogModuleManager: Shutting down and abandoning module UObjectPlugin (252)
[2017.05.17-18.51.25:983][388]LogModuleManager: Shutting down and abandoning module SubversionSourceControl (250)
[2017.05.17-18.51.25:983][388]LogModuleManager: Shutting down and abandoning module PerforceSourceControl (248)
[2017.05.17-18.51.25:983][388]LogModuleManager: Shutting down and abandoning module GitSourceControl (246)
[2017.05.17-18.51.25:983][388]LogModuleManager: Shutting down and abandoning module SourceControl (245)
[2017.05.17-18.51.25:983][388]LogModuleManager: Shutting down and abandoning module LightPropagationVolumeEditor (242)
[2017.05.17-18.51.25:983][388]LogModuleManager: Shutting down and abandoning module PaperTiledImporter (240)
[2017.05.17-18.51.25:983][388]LogModuleManager: Shutting down and abandoning module PaperSpriteSheetImporter (238)
[2017.05.17-18.51.25:983][388]LogModuleManager: Shutting down and abandoning module Paper2DEditor (236)
[2017.05.17-18.51.25:983][388]LogModuleManager: Shutting down and abandoning module MeshPaint (235)
[2017.05.17-18.51.25:983][388]LogModuleManager: Shutting down and abandoning module LevelEditor (233)
[2017.05.17-18.51.25:984][388]LogModuleManager: Shutting down and abandoning module PixelInspectorModule (232)
[2017.05.17-18.51.25:984][388]LogModuleManager: Shutting down and abandoning module MainFrame (230)
[2017.05.17-18.51.25:984][388]LogModuleManager: Shutting down and abandoning module HotReload (229)
[2017.05.17-18.51.25:984][388]LogModuleManager: Shutting down and abandoning module ContentBrowser (225)
[2017.05.17-18.51.25:985][388]LogModuleManager: Shutting down and abandoning module PhysXVehiclesEditor (222)
[2017.05.17-18.51.25:985][388]LogModuleManager: Shutting down and abandoning module PhysXVehicles (220)
[2017.05.17-18.51.25:985][388]LogModuleManager: Shutting down and abandoning module LocationServicesBPLibrary (218)
[2017.05.17-18.51.25:986][388]LogModuleManager: Shutting down and abandoning module UdpMessaging (216)
[2017.05.17-18.51.26:086][388]LogModuleManager: Shutting down and abandoning module TcpMessaging (214)
[2017.05.17-18.51.26:187][388]LogModuleManager: Shutting down and abandoning module GameplayTagsEditor (212)
[2017.05.17-18.51.26:187][388]LogModuleManager: Shutting down and abandoning module FacialAnimationEditor (210)
[2017.05.17-18.51.26:187][388]LogModuleManager: Shutting down and abandoning module FacialAnimation (208)
[2017.05.17-18.51.26:187][388]LogModuleManager: Shutting down and abandoning module LightPropagationVolumeRuntime (206)
[2017.05.17-18.51.26:187][388]LogModuleManager: Shutting down and abandoning module Paper2D (204)
[2017.05.17-18.51.26:187][388]LogModuleManager: Shutting down and abandoning module WindowsMoviePlayer (202)
[2017.05.17-18.51.26:187][388]LogModuleManager: Shutting down and abandoning module WmfMedia (200)
[2017.05.17-18.51.26:187][388]LogModuleManager: Shutting down and abandoning module MfMedia (198)
[2017.05.17-18.51.26:187][388]LogModuleManager: Shutting down and abandoning module MediaAssets (196)
[2017.05.17-18.51.26:187][388]LogModuleManager: Shutting down and abandoning module GameLiveStreaming (194)
[2017.05.17-18.51.26:187][388]LogModuleManager: Shutting down and abandoning module VREditor (192)
[2017.05.17-18.51.26:187][388]LogModuleManager: Shutting down and abandoning module GameplayTasksEditor (190)
[2017.05.17-18.51.26:187][388]LogModuleManager: Shutting down and abandoning module BehaviorTreeEditor (188)
[2017.05.17-18.51.26:188][388]LogModuleManager: Shutting down and abandoning module FunctionalTesting (186)
[2017.05.17-18.51.26:188][388]LogModuleManager: Shutting down and abandoning module CollisionAnalyzer (184)
[2017.05.17-18.51.26:188][388]LogModuleManager: Shutting down and abandoning module UMG (182)
[2017.05.17-18.51.26:188][388]LogModuleManager: Shutting down and abandoning module UMGEditor (181)
[2017.05.17-18.51.26:188][388]LogModuleManager: Shutting down and abandoning module Sequencer (180)
[2017.05.17-18.51.26:188][388]LogModuleManager: Shutting down and abandoning module AssetTools (178)
[2017.05.17-18.51.26:188][388]LogModuleManager: Shutting down and abandoning module MessageLog (177)
[2017.05.17-18.51.26:188][388]LogModuleManager: Shutting down and abandoning module WorkspaceMenuStructure (176)
[2017.05.17-18.51.26:188][388]LogModuleManager: Shutting down and abandoning module SlateReflector (170)
[2017.05.17-18.51.26:188][388]LogModuleManager: Shutting down and abandoning module Slate (168)
[2017.05.17-18.51.26:188][388]LogModuleManager: Shutting down and abandoning module EditorStyle (166)
[2017.05.17-18.51.26:194][388]LogModuleManager: Shutting down and abandoning module SourceCodeAccess (164)
[2017.05.17-18.51.26:194][388]LogModuleManager: Shutting down and abandoning module HeadMountedDisplay (162)
[2017.05.17-18.51.26:194][388]LogModuleManager: Shutting down and abandoning module XAudio2 (160)
[2017.05.17-18.51.26:194][388]LogModuleManager: Shutting down and abandoning module Networking (158)
[2017.05.17-18.51.26:194][388]LogModuleManager: Shutting down and abandoning module Core (154)
[2017.05.17-18.51.26:194][388]LogModuleManager: Shutting down and abandoning module AssetRegistry (152)
[2017.05.17-18.51.26:257][388]LogDirectoryWatcher: A directory notification for '../../../Engine/Content/' was aborted.
[2017.05.17-18.51.26:257][388]LogDirectoryWatcher: A directory notification for '../../../../../../Users/Francisco Colaço/Documents/Unreal Projects/BoM_1Nehpi/Content/' was aborted.
[2017.05.17-18.51.26:257][388]LogDirectoryWatcher: A directory notification for '../../../Engine/Plugins/2D/Paper2D/Content/' was aborted.
[2017.05.17-18.51.26:257][388]LogModuleManager: Shutting down and abandoning module DirectoryWatcher (151)
[2017.05.17-18.51.26:259][388]LogModuleManager: Shutting down and abandoning module KismetCompiler (148)
[2017.05.17-18.51.26:259][388]LogModuleManager: Shutting down and abandoning module PhysXFormats (146)
[2017.05.17-18.51.26:259][388]LogModuleManager: Shutting down and abandoning module MeshUtilities (144)
[2017.05.17-18.51.26:260][388]LogModuleManager: Shutting down and abandoning module SimplygonSwarm (143)
[2017.05.17-18.51.26:260][388]LogModuleManager: Shutting down and abandoning module SimplygonMeshReduction (141)
[2017.05.17-18.51.26:260][388]LogModuleManager: Shutting down and abandoning module QuadricMeshReduction (139)
[2017.05.17-18.51.26:260][388]LogModuleManager: Shutting down and abandoning module PropertyEditor (137)
[2017.05.17-18.51.26:260][388]LogModuleManager: Shutting down and abandoning module DerivedDataCache (134)
[2017.05.17-18.51.26:286][388]LogDerivedDataCache: Shutdown
[2017.05.17-18.51.26:286][388]LogModuleManager: Shutting down and abandoning module TargetPlatform (132)
[2017.05.17-18.51.26:286][388]LogModuleManager: Shutting down and abandoning module VulkanShaderFormat (131)
[2017.05.17-18.51.26:286][388]LogModuleManager: Shutting down and abandoning module ShaderFormatOpenGL (129)
[2017.05.17-18.51.26:286][388]LogModuleManager: Shutting down and abandoning module ShaderFormatD3D (127)
[2017.05.17-18.51.26:286][388]LogModuleManager: Shutting down and abandoning module MetalShaderFormat (125)
[2017.05.17-18.51.26:286][388]LogModuleManager: Shutting down and abandoning module TextureFormatUncompressed (123)
[2017.05.17-18.51.26:286][388]LogModuleManager: Shutting down and abandoning module TextureFormatPVR (121)
[2017.05.17-18.51.26:286][388]LogModuleManager: Shutting down and abandoning module TextureFormatDXT (119)
[2017.05.17-18.51.26:286][388]LogModuleManager: Shutting down and abandoning module TextureFormatIntelISPCTexComp (117)
[2017.05.17-18.51.26:286][388]LogModuleManager: Shutting down and abandoning module TextureFormatASTC (115)
[2017.05.17-18.51.26:286][388]LogModuleManager: Shutting down and abandoning module ImageWrapper (114)
[2017.05.17-18.51.26:286][388]LogModuleManager: Shutting down and abandoning module TextureFormatAndroid (111)
[2017.05.17-18.51.26:286][388]LogModuleManager: Shutting down and abandoning module AudioFormatOpus (109)
[2017.05.17-18.51.26:286][388]LogModuleManager: Shutting down and abandoning module AudioFormatOgg (107)
[2017.05.17-18.51.26:286][388]LogModuleManager: Shutting down and abandoning module AudioFormatADPCM (105)
[2017.05.17-18.51.26:286][388]LogModuleManager: Shutting down and abandoning module LinuxTargetPlatform (103)
[2017.05.17-18.51.26:287][388]LogModuleManager: Shutting down and abandoning module LinuxServerTargetPlatform (101)
[2017.05.17-18.51.26:287][388]LogModuleManager: Shutting down and abandoning module LinuxNoEditorTargetPlatform (99)
[2017.05.17-18.51.26:287][388]LogModuleManager: Shutting down and abandoning module LinuxClientTargetPlatform (97)
[2017.05.17-18.51.26:287][388]LogModuleManager: Shutting down and abandoning module TVOSTargetPlatform (95)
[2017.05.17-18.51.26:287][388]LogModuleManager: Shutting down and abandoning module Messaging (93)
[2017.05.17-18.51.26:287][388]LogModuleManager: Shutting down and abandoning module IOSTargetPlatform (91)
[2017.05.17-18.51.26:287][388]LogModuleManager: Shutting down and abandoning module HTML5TargetPlatform (89)
[2017.05.17-18.51.26:287][388]LogModuleManager: Shutting down and abandoning module Android_PVRTCTargetPlatform (87)
[2017.05.17-18.51.26:287][388]LogModuleManager: Shutting down and abandoning module Android_MultiTargetPlatform (85)
[2017.05.17-18.51.26:287][388]LogModuleManager: Shutting down and abandoning module Android_ETC2TargetPlatform (83)
[2017.05.17-18.51.26:287][388]LogModuleManager: Shutting down and abandoning module Android_ETC1TargetPlatform (81)
[2017.05.17-18.51.26:287][388]LogModuleManager: Shutting down and abandoning module Android_DXTTargetPlatform (79)
[2017.05.17-18.51.26:287][388]LogModuleManager: Shutting down and abandoning module Android_ATCTargetPlatform (77)
[2017.05.17-18.51.26:287][388]LogModuleManager: Shutting down and abandoning module Android_ASTCTargetPlatform (75)
[2017.05.17-18.51.26:287][388]LogModuleManager: Shutting down and abandoning module AndroidTargetPlatform (73)
[2017.05.17-18.51.26:287][388]LogModuleManager: Shutting down and abandoning module WindowsTargetPlatform (71)
[2017.05.17-18.51.26:287][388]LogModuleManager: Shutting down and abandoning module WindowsServerTargetPlatform (69)
[2017.05.17-18.51.26:287][388]LogModuleManager: Shutting down and abandoning module WindowsNoEditorTargetPlatform (67)
[2017.05.17-18.51.26:287][388]LogModuleManager: Shutting down and abandoning module WindowsClientTargetPlatform (65)
[2017.05.17-18.51.26:287][388]LogModuleManager: Shutting down and abandoning module MacTargetPlatform (63)
[2017.05.17-18.51.26:287][388]LogModuleManager: Shutting down and abandoning module MacServerTargetPlatform (61)
[2017.05.17-18.51.26:287][388]LogModuleManager: Shutting down and abandoning module MacNoEditorTargetPlatform (59)
[2017.05.17-18.51.26:287][388]LogModuleManager: Shutting down and abandoning module MacClientTargetPlatform (57)
[2017.05.17-18.51.26:287][388]LogModuleManager: Shutting down and abandoning module AllDesktopTargetPlatform (55)
[2017.05.17-18.51.26:287][388]LogModuleManager: Shutting down and abandoning module InputCore (52)
[2017.05.17-18.51.26:287][388]LogModuleManager: Shutting down and abandoning module Settings (50)
[2017.05.17-18.51.26:287][388]LogModuleManager: Shutting down and abandoning module OculusRift (48)
[2017.05.17-18.51.26:287][388]LogModuleManager: Shutting down and abandoning module GearVR (46)
[2017.05.17-18.51.26:287][388]LogModuleManager: Shutting down and abandoning module ExampleDeviceProfileSelector (44)
[2017.05.17-18.51.26:287][388]LogModuleManager: Shutting down and abandoning module OnlineBlueprintSupport (42)
[2017.05.17-18.51.26:287][388]LogModuleManager: Shutting down and abandoning module OnlineSubsystem (38)
[2017.05.17-18.51.26:287][388]LogOnline:Display: Unloading online subsystem: NULL
[2017.05.17-18.51.26:287][388]LogModuleManager: Shutting down and abandoning module XMPP (37)
[2017.05.17-18.51.26:287][388]LogModuleManager: Shutting down and abandoning module HTTP (35)
[2017.05.17-18.51.26:287][388]LogHttp:Display: Http module shutting down, but needs to wait on 1 outstanding Http requests:
[2017.05.17-18.51.26:287][388]LogHttp:Display: 	verb=[POST] url=[https://datarouter.ol.epicgames.com/datarouter/api/v1/public/data?SessionID=%7B591082D6-4D23-61CC-A218-7A85533E5FF9%7D&AppID=UEEditor.Rocket.Release&AppVersion=4.15.1-3348071%2B%2B%2BUE4%2BRelease-4.15&UserID=8e9ff25e45229f1d06362f9f8a4a736b%7C6b8f41d1a3da4423be8447eda86008e5%7C06d1b027-962c-40f8-868b-4a3eaa4aff70&AppEnvironment=datacollector-binary&UploadType=eteventstream] status=Processing
[2017.05.17-18.51.26:308][388]LogModuleManager: Shutting down and abandoning module SSL (34)
[2017.05.17-18.51.26:310][388]LogModuleManager: Shutting down and abandoning module AudioEditor (30)
[2017.05.17-18.51.26:310][388]LogModuleManager: Shutting down and abandoning module TextureCompressor (28)
[2017.05.17-18.51.26:310][388]LogModuleManager: Shutting down and abandoning module ShaderCore (26)
[2017.05.17-18.51.26:310][388]LogModuleManager: Shutting down and abandoning module Landscape (24)
[2017.05.17-18.51.26:310][388]LogModuleManager: Shutting down and abandoning module SlateRHIRenderer (22)
[2017.05.17-18.51.26:314][388]LogModuleManager: Shutting down and abandoning module OpenGLDrv (20)
[2017.05.17-18.51.26:314][388]LogModuleManager: Shutting down and abandoning module D3D11RHI (18)
[2017.05.17-18.51.26:314][388]LogModuleManager: Shutting down and abandoning module AnimGraphRuntime (16)
[2017.05.17-18.51.26:314][388]LogModuleManager: Shutting down and abandoning module Renderer (14)
[2017.05.17-18.51.26:314][388]LogModuleManager: Shutting down and abandoning module Engine (12)
[2017.05.17-18.51.26:314][388]LogModuleManager: Shutting down and abandoning module CoreUObject (10)
[2017.05.17-18.51.26:314][388]LogModuleManager: Shutting down and abandoning module NetworkFile (8)
[2017.05.17-18.51.26:314][388]LogModuleManager: Shutting down and abandoning module StreamingFile (6)
[2017.05.17-18.51.26:314][388]LogModuleManager: Shutting down and abandoning module SandboxFile (4)
[2017.05.17-18.51.26:314][388]LogModuleManager: Shutting down and abandoning module PakFile (2)
[2017.05.17-18.51.26:315][388]LogExit: Exiting.
[2017.05.17-18.51.26:319][388]Log file closed, 05/17/17 19:51:26
